<?xml version="1.0" encoding="UTF-8"?>
<!-- Generated by org.testng.reporters.JUnitReportReporter -->
<testsuite hostname="SenthilKumar" failures="0" tests="11" name="dsalgo_stepdefinition.TestRunner" time="16.703" errors="1" timestamp="2024-05-08T23:09:03 EDT" skipped="0">
  <testcase classname="dsalgo_stepdefinition.TestRunner" name="runScenario" time="0.350"/>
  <testcase classname="dsalgo_stepdefinition.TestRunner" name="runScenario" time="1.523"/>
  <testcase classname="dsalgo_stepdefinition.TestRunner" name="runScenario" time="1.238"/>
  <testcase classname="dsalgo_stepdefinition.TestRunner" name="runScenario" time="0.805"/>
  <testcase classname="dsalgo_stepdefinition.TestRunner" name="runScenario" time="0.021">
    <error message="TODO: implement me" type="io.cucumber.java.PendingException">
      <![CDATA[io.cucumber.java.PendingException: TODO: implement me
at dsalgo_stepdefinition.DSalgoArrayPage.user_is_on_arrays_using_list_page_and_verify_the_pagetitle_row_number(DSalgoArrayPage.java:72)
at âœ½.User is on Arrays using list  page  and verify the pagetitle(file:///C:/Users/senth/AutomationRepo/Ds-Algo/src/test/resources/features/ABS06_DSalgoArraypage.feature:29)
]]>
    </error>
  </testcase> <!-- runScenario -->
  <testcase classname="dsalgo_stepdefinition.TestRunner" name="runScenario" time="2.596"/>
  <testcase classname="dsalgo_stepdefinition.TestRunner" name="runScenario" time="2.641"/>
  <testcase classname="dsalgo_stepdefinition.TestRunner" name="runScenario" time="0.454"/>
  <testcase classname="dsalgo_stepdefinition.TestRunner" name="runScenario" time="0.656"/>
  <testcase classname="dsalgo_stepdefinition.TestRunner" name="runScenario" time="3.334"/>
  <testcase classname="dsalgo_stepdefinition.TestRunner" name="runScenario" time="3.085"/>
</testsuite> <!-- dsalgo_stepdefinition.TestRunner -->
