<html>
<head>
<title>TestNG:  Default test</title>
<link href="../testng.css" rel="stylesheet" type="text/css" />
<link href="../my-testng.css" rel="stylesheet" type="text/css" />

<style type="text/css">
.log { display: none;} 
.stack-trace { display: none;} 
</style>
<script type="text/javascript">
<!--
function flip(e) {
  current = e.style.display;
  if (current == 'block') {
    e.style.display = 'none';
    return 0;
  }
  else {
    e.style.display = 'block';
    return 1;
  }
}

function toggleBox(szDivId, elem, msg1, msg2)
{
  var res = -1;  if (document.getElementById) {
    res = flip(document.getElementById(szDivId));
  }
  else if (document.all) {
    // this is the way old msie versions work
    res = flip(document.all[szDivId]);
  }
  if(elem) {
    if(res == 0) elem.innerHTML = msg1; else elem.innerHTML = msg2;
  }

}

function toggleAllBoxes() {
  if (document.getElementsByTagName) {
    d = document.getElementsByTagName('div');
    for (i = 0; i < d.length; i++) {
      if (d[i].className == 'log') {
        flip(d[i]);
      }
    }
  }
}

// -->
</script>

</head>
<body>
<h2 align='center'>Default test</h2><table border='1' align="center">
<tr>
<td>Tests passed/Failed/Skipped:</td><td>64/14/0</td>
</tr><tr>
<td>Started on:</td><td>Thu May 23 18:12:49 EDT 2024</td>
</tr>
<tr><td>Total time:</td><td>256 seconds (256593 ms)</td>
</tr><tr>
<td>Included groups:</td><td></td>
</tr><tr>
<td>Excluded groups:</td><td></td>
</tr>
</table><p/>
<small><i>(Hover the method name to see the test class name)</i></small><p/>
<table width='100%' border='1' class='invocation-failed'>
<tr><td colspan='4' align='center'><b>FAILED TESTS</b></td></tr>
<tr><td><b>Test method</b></td>
<td><b>Attribute(s)</b></td>
<td width="30%"><b>Exception</b></td>
<td width="10%"><b>Time (seconds)</b></td>
<td><b>Instance</b></td>
</tr>
<tr>
<td title='dsalgo_stepdefinition.TestRunner.runScenario()'><b>runScenario</b><br>Test class: dsalgo_stepdefinition.TestRunner<br>Test method: Runs Cucumber Scenarios<br>Parameters: "Queue Operations page", "User launch DSAlgo application and Test Queue page"</td>
<td><div><pre>org.openqa.selenium.NoSuchElementException: no such element: Unable to locate element: {&quot;method&quot;:&quot;xpath&quot;,&quot;selector&quot;:&quot;//a[@href=&quot;/login&quot;]&quot;}
  (Session info: chrome=125.0.6422.77)
For documentation on this error, please visit: https://www.selenium.dev/documentation/webdriver/troubleshooting/errors#no-such-element-exception
Build info: version: &apos;4.19.1&apos;, revision: &apos;abe0ee07dc&apos;
System info: os.name: &apos;Windows 11&apos;, os.arch: &apos;amd64&apos;, os.version: &apos;10.0&apos;, java.version: &apos;17.0.3&apos;
Driver info: org.openqa.selenium.chrome.ChromeDriver
Command: [9e3cef68007d08292e7f206fe32f1b64, findElement {value=//a[@href=&quot;/login&quot;], using=xpath}]
Capabilities {acceptInsecureCerts: false, browserName: chrome, browserVersion: 125.0.6422.77, chrome: {chromedriverVersion: 125.0.6422.76 (67dcf7562b8f..., userDataDir: C:\Users\senth\AppData\Loca...}, fedcm:accounts: true, goog:chromeOptions: {debuggerAddress: localhost:63013}, networkConnectionEnabled: false, pageLoadStrategy: normal, platformName: windows, proxy: Proxy(), se:cdp: ws://localhost:63013/devtoo..., se:cdpVersion: 125.0.6422.77, setWindowRect: true, strictFileInteractability: false, timeouts: {implicit: 0, pageLoad: 300000, script: 30000}, unhandledPromptBehavior: dismiss and notify, webauthn:extension:credBlob: true, webauthn:extension:largeBlob: true, webauthn:extension:minPinLength: true, webauthn:extension:prf: true, webauthn:virtualAuthenticators: true}
Session ID: 9e3cef68007d08292e7f206fe32f1b64
	at java.base/jdk.internal.reflect.NativeConstructorAccessorImpl.newInstance0(Native Method)
	at java.base/jdk.internal.reflect.NativeConstructorAccessorImpl.newInstance(NativeConstructorAccessorImpl.java:77)
	at java.base/jdk.internal.reflect.DelegatingConstructorAccessorImpl.newInstance(DelegatingConstructorAccessorImpl.java:45)
	at java.base/java.lang.reflect.Constructor.newInstanceWithCaller(Constructor.java:499)
	at java.base/java.lang.reflect.Constructor.newInstance(Constructor.java:480)
	at org.openqa.selenium.remote.ErrorCodec.decode(ErrorCodec.java:167)
	at org.openqa.selenium.remote.codec.w3c.W3CHttpResponseCodec.decode(W3CHttpResponseCodec.java:138)
	at org.openqa.selenium.remote.codec.w3c.W3CHttpResponseCodec.decode(W3CHttpResponseCodec.java:50)
	at org.openqa.selenium.remote.HttpCommandExecutor.execute(HttpCommandExecutor.java:190)
	at org.openqa.selenium.remote.service.DriverCommandExecutor.invokeExecute(DriverCommandExecutor.java:216)
	at org.openqa.selenium.remote.service.DriverCommandExecutor.execute(DriverCommandExecutor.java:174)
	at org.openqa.selenium.remote.RemoteWebDriver.execute(RemoteWebDriver.java:518)
	at org.openqa.selenium.remote.ElementLocation$ElementFinder$2.findElement(ElementLocation.java:165)
	at org.openqa.selenium.remote.ElementLocation.findElement(ElementLocation.java:59)
	at org.openqa.selenium.remote.RemoteWebDriver.findElement(RemoteWebDriver.java:355)
	at org.openqa.selenium.remote.RemoteWebDriver.findElement(RemoteWebDriver.java:349)
	at dsalgoPOM.LoginInpage.clicksign_in(LoginInpage.java:31)
	at dsalgo_stepdefinition.DSalgoLoginInpage.the_user_lands_on_ds_algo_dign_in_page(DSalgoLoginInpage.java:123)
	at ✽.The  user land on DS Algo Sign in page(file:///C:/Users/senth/AutomationRepo/Ds-Algo/src/test/resources/features/ABS09_DSalgoQueuePage.feature:9)
</pre></div><a href='#' onClick='toggleBox("stack-trace1751451909", this, "Click to show all stack frames", "Click to hide stack frames")'>Click to show all stack frames</a>
<div class='stack-trace' id='stack-trace1751451909'><pre>org.openqa.selenium.NoSuchElementException: no such element: Unable to locate element: {&quot;method&quot;:&quot;xpath&quot;,&quot;selector&quot;:&quot;//a[@href=&quot;/login&quot;]&quot;}
  (Session info: chrome=125.0.6422.77)
For documentation on this error, please visit: https://www.selenium.dev/documentation/webdriver/troubleshooting/errors#no-such-element-exception
Build info: version: &apos;4.19.1&apos;, revision: &apos;abe0ee07dc&apos;
System info: os.name: &apos;Windows 11&apos;, os.arch: &apos;amd64&apos;, os.version: &apos;10.0&apos;, java.version: &apos;17.0.3&apos;
Driver info: org.openqa.selenium.chrome.ChromeDriver
Command: [9e3cef68007d08292e7f206fe32f1b64, findElement {value=//a[@href=&quot;/login&quot;], using=xpath}]
Capabilities {acceptInsecureCerts: false, browserName: chrome, browserVersion: 125.0.6422.77, chrome: {chromedriverVersion: 125.0.6422.76 (67dcf7562b8f..., userDataDir: C:\Users\senth\AppData\Loca...}, fedcm:accounts: true, goog:chromeOptions: {debuggerAddress: localhost:63013}, networkConnectionEnabled: false, pageLoadStrategy: normal, platformName: windows, proxy: Proxy(), se:cdp: ws://localhost:63013/devtoo..., se:cdpVersion: 125.0.6422.77, setWindowRect: true, strictFileInteractability: false, timeouts: {implicit: 0, pageLoad: 300000, script: 30000}, unhandledPromptBehavior: dismiss and notify, webauthn:extension:credBlob: true, webauthn:extension:largeBlob: true, webauthn:extension:minPinLength: true, webauthn:extension:prf: true, webauthn:virtualAuthenticators: true}
Session ID: 9e3cef68007d08292e7f206fe32f1b64
	at java.base/jdk.internal.reflect.NativeConstructorAccessorImpl.newInstance0(Native Method)
	at java.base/jdk.internal.reflect.NativeConstructorAccessorImpl.newInstance(NativeConstructorAccessorImpl.java:77)
	at java.base/jdk.internal.reflect.DelegatingConstructorAccessorImpl.newInstance(DelegatingConstructorAccessorImpl.java:45)
	at java.base/java.lang.reflect.Constructor.newInstanceWithCaller(Constructor.java:499)
	at java.base/java.lang.reflect.Constructor.newInstance(Constructor.java:480)
	at org.openqa.selenium.remote.ErrorCodec.decode(ErrorCodec.java:167)
	at org.openqa.selenium.remote.codec.w3c.W3CHttpResponseCodec.decode(W3CHttpResponseCodec.java:138)
	at org.openqa.selenium.remote.codec.w3c.W3CHttpResponseCodec.decode(W3CHttpResponseCodec.java:50)
	at org.openqa.selenium.remote.HttpCommandExecutor.execute(HttpCommandExecutor.java:190)
	at org.openqa.selenium.remote.service.DriverCommandExecutor.invokeExecute(DriverCommandExecutor.java:216)
	at org.openqa.selenium.remote.service.DriverCommandExecutor.execute(DriverCommandExecutor.java:174)
	at org.openqa.selenium.remote.RemoteWebDriver.execute(RemoteWebDriver.java:518)
	at org.openqa.selenium.remote.ElementLocation$ElementFinder$2.findElement(ElementLocation.java:165)
	at org.openqa.selenium.remote.ElementLocation.findElement(ElementLocation.java:59)
	at org.openqa.selenium.remote.RemoteWebDriver.findElement(RemoteWebDriver.java:355)
	at org.openqa.selenium.remote.RemoteWebDriver.findElement(RemoteWebDriver.java:349)
	at dsalgoPOM.LoginInpage.clicksign_in(LoginInpage.java:31)
	at dsalgo_stepdefinition.DSalgoLoginInpage.the_user_lands_on_ds_algo_dign_in_page(DSalgoLoginInpage.java:123)
	at ✽.The  user land on DS Algo Sign in page(file:///C:/Users/senth/AutomationRepo/Ds-Algo/src/test/resources/features/ABS09_DSalgoQueuePage.feature:9)
</pre></div></td>
<td>21</td>
<td>dsalgo_stepdefinition.TestRunner@4b14918a</td></tr>
<tr>
<td title='dsalgo_stepdefinition.TestRunner.runScenario()'><b>runScenario</b><br>Test class: dsalgo_stepdefinition.TestRunner<br>Test method: Runs Cucumber Scenarios<br>Parameters: "The user is able to see the output in console with proper python code", "User launch DSAlgo application and Test Queue page"</td>
<td><div><pre>org.openqa.selenium.NoSuchElementException: no such element: Unable to locate element: {&quot;method&quot;:&quot;xpath&quot;,&quot;selector&quot;:&quot;//a[@href=&quot;/login&quot;]&quot;}
  (Session info: chrome=125.0.6422.77)
For documentation on this error, please visit: https://www.selenium.dev/documentation/webdriver/troubleshooting/errors#no-such-element-exception
Build info: version: &apos;4.19.1&apos;, revision: &apos;abe0ee07dc&apos;
System info: os.name: &apos;Windows 11&apos;, os.arch: &apos;amd64&apos;, os.version: &apos;10.0&apos;, java.version: &apos;17.0.3&apos;
Driver info: org.openqa.selenium.chrome.ChromeDriver
Command: [666c293fa2e9b8a8526ae7651a6bdf60, findElement {value=//a[@href=&quot;/login&quot;], using=xpath}]
Capabilities {acceptInsecureCerts: false, browserName: chrome, browserVersion: 125.0.6422.77, chrome: {chromedriverVersion: 125.0.6422.76 (67dcf7562b8f..., userDataDir: C:\Users\senth\AppData\Loca...}, fedcm:accounts: true, goog:chromeOptions: {debuggerAddress: localhost:63018}, networkConnectionEnabled: false, pageLoadStrategy: normal, platformName: windows, proxy: Proxy(), se:cdp: ws://localhost:63018/devtoo..., se:cdpVersion: 125.0.6422.77, setWindowRect: true, strictFileInteractability: false, timeouts: {implicit: 0, pageLoad: 300000, script: 30000}, unhandledPromptBehavior: dismiss and notify, webauthn:extension:credBlob: true, webauthn:extension:largeBlob: true, webauthn:extension:minPinLength: true, webauthn:extension:prf: true, webauthn:virtualAuthenticators: true}
Session ID: 666c293fa2e9b8a8526ae7651a6bdf60
	at java.base/jdk.internal.reflect.NativeConstructorAccessorImpl.newInstance0(Native Method)
	at java.base/jdk.internal.reflect.NativeConstructorAccessorImpl.newInstance(NativeConstructorAccessorImpl.java:77)
	at java.base/jdk.internal.reflect.DelegatingConstructorAccessorImpl.newInstance(DelegatingConstructorAccessorImpl.java:45)
	at java.base/java.lang.reflect.Constructor.newInstanceWithCaller(Constructor.java:499)
	at java.base/java.lang.reflect.Constructor.newInstance(Constructor.java:480)
	at org.openqa.selenium.remote.ErrorCodec.decode(ErrorCodec.java:167)
	at org.openqa.selenium.remote.codec.w3c.W3CHttpResponseCodec.decode(W3CHttpResponseCodec.java:138)
	at org.openqa.selenium.remote.codec.w3c.W3CHttpResponseCodec.decode(W3CHttpResponseCodec.java:50)
	at org.openqa.selenium.remote.HttpCommandExecutor.execute(HttpCommandExecutor.java:190)
	at org.openqa.selenium.remote.service.DriverCommandExecutor.invokeExecute(DriverCommandExecutor.java:216)
	at org.openqa.selenium.remote.service.DriverCommandExecutor.execute(DriverCommandExecutor.java:174)
	at org.openqa.selenium.remote.RemoteWebDriver.execute(RemoteWebDriver.java:518)
	at org.openqa.selenium.remote.ElementLocation$ElementFinder$2.findElement(ElementLocation.java:165)
	at org.openqa.selenium.remote.ElementLocation.findElement(ElementLocation.java:59)
	at org.openqa.selenium.remote.RemoteWebDriver.findElement(RemoteWebDriver.java:355)
	at org.openqa.selenium.remote.RemoteWebDriver.findElement(RemoteWebDriver.java:349)
	at dsalgoPOM.LoginInpage.clicksign_in(LoginInpage.java:31)
	at dsalgo_stepdefinition.DSalgoLoginInpage.the_user_lands_on_ds_algo_dign_in_page(DSalgoLoginInpage.java:123)
	at ✽.The  user land on DS Algo Sign in page(file:///C:/Users/senth/AutomationRepo/Ds-Algo/src/test/resources/features/ABS09_DSalgoQueuePage.feature:9)
</pre></div><a href='#' onClick='toggleBox("stack-trace1880952222", this, "Click to show all stack frames", "Click to hide stack frames")'>Click to show all stack frames</a>
<div class='stack-trace' id='stack-trace1880952222'><pre>org.openqa.selenium.NoSuchElementException: no such element: Unable to locate element: {&quot;method&quot;:&quot;xpath&quot;,&quot;selector&quot;:&quot;//a[@href=&quot;/login&quot;]&quot;}
  (Session info: chrome=125.0.6422.77)
For documentation on this error, please visit: https://www.selenium.dev/documentation/webdriver/troubleshooting/errors#no-such-element-exception
Build info: version: &apos;4.19.1&apos;, revision: &apos;abe0ee07dc&apos;
System info: os.name: &apos;Windows 11&apos;, os.arch: &apos;amd64&apos;, os.version: &apos;10.0&apos;, java.version: &apos;17.0.3&apos;
Driver info: org.openqa.selenium.chrome.ChromeDriver
Command: [666c293fa2e9b8a8526ae7651a6bdf60, findElement {value=//a[@href=&quot;/login&quot;], using=xpath}]
Capabilities {acceptInsecureCerts: false, browserName: chrome, browserVersion: 125.0.6422.77, chrome: {chromedriverVersion: 125.0.6422.76 (67dcf7562b8f..., userDataDir: C:\Users\senth\AppData\Loca...}, fedcm:accounts: true, goog:chromeOptions: {debuggerAddress: localhost:63018}, networkConnectionEnabled: false, pageLoadStrategy: normal, platformName: windows, proxy: Proxy(), se:cdp: ws://localhost:63018/devtoo..., se:cdpVersion: 125.0.6422.77, setWindowRect: true, strictFileInteractability: false, timeouts: {implicit: 0, pageLoad: 300000, script: 30000}, unhandledPromptBehavior: dismiss and notify, webauthn:extension:credBlob: true, webauthn:extension:largeBlob: true, webauthn:extension:minPinLength: true, webauthn:extension:prf: true, webauthn:virtualAuthenticators: true}
Session ID: 666c293fa2e9b8a8526ae7651a6bdf60
	at java.base/jdk.internal.reflect.NativeConstructorAccessorImpl.newInstance0(Native Method)
	at java.base/jdk.internal.reflect.NativeConstructorAccessorImpl.newInstance(NativeConstructorAccessorImpl.java:77)
	at java.base/jdk.internal.reflect.DelegatingConstructorAccessorImpl.newInstance(DelegatingConstructorAccessorImpl.java:45)
	at java.base/java.lang.reflect.Constructor.newInstanceWithCaller(Constructor.java:499)
	at java.base/java.lang.reflect.Constructor.newInstance(Constructor.java:480)
	at org.openqa.selenium.remote.ErrorCodec.decode(ErrorCodec.java:167)
	at org.openqa.selenium.remote.codec.w3c.W3CHttpResponseCodec.decode(W3CHttpResponseCodec.java:138)
	at org.openqa.selenium.remote.codec.w3c.W3CHttpResponseCodec.decode(W3CHttpResponseCodec.java:50)
	at org.openqa.selenium.remote.HttpCommandExecutor.execute(HttpCommandExecutor.java:190)
	at org.openqa.selenium.remote.service.DriverCommandExecutor.invokeExecute(DriverCommandExecutor.java:216)
	at org.openqa.selenium.remote.service.DriverCommandExecutor.execute(DriverCommandExecutor.java:174)
	at org.openqa.selenium.remote.RemoteWebDriver.execute(RemoteWebDriver.java:518)
	at org.openqa.selenium.remote.ElementLocation$ElementFinder$2.findElement(ElementLocation.java:165)
	at org.openqa.selenium.remote.ElementLocation.findElement(ElementLocation.java:59)
	at org.openqa.selenium.remote.RemoteWebDriver.findElement(RemoteWebDriver.java:355)
	at org.openqa.selenium.remote.RemoteWebDriver.findElement(RemoteWebDriver.java:349)
	at dsalgoPOM.LoginInpage.clicksign_in(LoginInpage.java:31)
	at dsalgo_stepdefinition.DSalgoLoginInpage.the_user_lands_on_ds_algo_dign_in_page(DSalgoLoginInpage.java:123)
	at ✽.The  user land on DS Algo Sign in page(file:///C:/Users/senth/AutomationRepo/Ds-Algo/src/test/resources/features/ABS09_DSalgoQueuePage.feature:9)
</pre></div></td>
<td>21</td>
<td>dsalgo_stepdefinition.TestRunner@4b14918a</td></tr>
<tr>
<td title='dsalgo_stepdefinition.TestRunner.runScenario()'><b>runScenario</b><br>Test class: dsalgo_stepdefinition.TestRunner<br>Test method: Runs Cucumber Scenarios<br>Parameters: "validating Types of Binary Trees  Page", "DSalgo treePage"</td>
<td><div><pre>org.openqa.selenium.NoSuchElementException: no such element: Unable to locate element: {&quot;method&quot;:&quot;xpath&quot;,&quot;selector&quot;:&quot;//a[@href=&quot;/login&quot;]&quot;}
  (Session info: chrome=125.0.6422.77)
For documentation on this error, please visit: https://www.selenium.dev/documentation/webdriver/troubleshooting/errors#no-such-element-exception
Build info: version: &apos;4.19.1&apos;, revision: &apos;abe0ee07dc&apos;
System info: os.name: &apos;Windows 11&apos;, os.arch: &apos;amd64&apos;, os.version: &apos;10.0&apos;, java.version: &apos;17.0.3&apos;
Driver info: org.openqa.selenium.chrome.ChromeDriver
Command: [ccc0c55e2658ab69ecedc3b46a9cc8d2, findElement {value=//a[@href=&quot;/login&quot;], using=xpath}]
Capabilities {acceptInsecureCerts: false, browserName: chrome, browserVersion: 125.0.6422.77, chrome: {chromedriverVersion: 125.0.6422.76 (67dcf7562b8f..., userDataDir: C:\Users\senth\AppData\Loca...}, fedcm:accounts: true, goog:chromeOptions: {debuggerAddress: localhost:63017}, networkConnectionEnabled: false, pageLoadStrategy: normal, platformName: windows, proxy: Proxy(), se:cdp: ws://localhost:63017/devtoo..., se:cdpVersion: 125.0.6422.77, setWindowRect: true, strictFileInteractability: false, timeouts: {implicit: 0, pageLoad: 300000, script: 30000}, unhandledPromptBehavior: dismiss and notify, webauthn:extension:credBlob: true, webauthn:extension:largeBlob: true, webauthn:extension:minPinLength: true, webauthn:extension:prf: true, webauthn:virtualAuthenticators: true}
Session ID: ccc0c55e2658ab69ecedc3b46a9cc8d2
	at java.base/jdk.internal.reflect.NativeConstructorAccessorImpl.newInstance0(Native Method)
	at java.base/jdk.internal.reflect.NativeConstructorAccessorImpl.newInstance(NativeConstructorAccessorImpl.java:77)
	at java.base/jdk.internal.reflect.DelegatingConstructorAccessorImpl.newInstance(DelegatingConstructorAccessorImpl.java:45)
	at java.base/java.lang.reflect.Constructor.newInstanceWithCaller(Constructor.java:499)
	at java.base/java.lang.reflect.Constructor.newInstance(Constructor.java:480)
	at org.openqa.selenium.remote.ErrorCodec.decode(ErrorCodec.java:167)
	at org.openqa.selenium.remote.codec.w3c.W3CHttpResponseCodec.decode(W3CHttpResponseCodec.java:138)
	at org.openqa.selenium.remote.codec.w3c.W3CHttpResponseCodec.decode(W3CHttpResponseCodec.java:50)
	at org.openqa.selenium.remote.HttpCommandExecutor.execute(HttpCommandExecutor.java:190)
	at org.openqa.selenium.remote.service.DriverCommandExecutor.invokeExecute(DriverCommandExecutor.java:216)
	at org.openqa.selenium.remote.service.DriverCommandExecutor.execute(DriverCommandExecutor.java:174)
	at org.openqa.selenium.remote.RemoteWebDriver.execute(RemoteWebDriver.java:518)
	at org.openqa.selenium.remote.ElementLocation$ElementFinder$2.findElement(ElementLocation.java:165)
	at org.openqa.selenium.remote.ElementLocation.findElement(ElementLocation.java:59)
	at org.openqa.selenium.remote.RemoteWebDriver.findElement(RemoteWebDriver.java:355)
	at org.openqa.selenium.remote.RemoteWebDriver.findElement(RemoteWebDriver.java:349)
	at dsalgoPOM.LoginInpage.clicksign_in(LoginInpage.java:31)
	at dsalgo_stepdefinition.DSalgoLoginInpage.the_user_lands_on_ds_algo_dign_in_page(DSalgoLoginInpage.java:123)
	at ✽.The  user land on DS Algo Sign in page(file:///C:/Users/senth/AutomationRepo/Ds-Algo/src/test/resources/features/ABS10_DSalgoTreePage.feature:10)
</pre></div><a href='#' onClick='toggleBox("stack-trace1519446420", this, "Click to show all stack frames", "Click to hide stack frames")'>Click to show all stack frames</a>
<div class='stack-trace' id='stack-trace1519446420'><pre>org.openqa.selenium.NoSuchElementException: no such element: Unable to locate element: {&quot;method&quot;:&quot;xpath&quot;,&quot;selector&quot;:&quot;//a[@href=&quot;/login&quot;]&quot;}
  (Session info: chrome=125.0.6422.77)
For documentation on this error, please visit: https://www.selenium.dev/documentation/webdriver/troubleshooting/errors#no-such-element-exception
Build info: version: &apos;4.19.1&apos;, revision: &apos;abe0ee07dc&apos;
System info: os.name: &apos;Windows 11&apos;, os.arch: &apos;amd64&apos;, os.version: &apos;10.0&apos;, java.version: &apos;17.0.3&apos;
Driver info: org.openqa.selenium.chrome.ChromeDriver
Command: [ccc0c55e2658ab69ecedc3b46a9cc8d2, findElement {value=//a[@href=&quot;/login&quot;], using=xpath}]
Capabilities {acceptInsecureCerts: false, browserName: chrome, browserVersion: 125.0.6422.77, chrome: {chromedriverVersion: 125.0.6422.76 (67dcf7562b8f..., userDataDir: C:\Users\senth\AppData\Loca...}, fedcm:accounts: true, goog:chromeOptions: {debuggerAddress: localhost:63017}, networkConnectionEnabled: false, pageLoadStrategy: normal, platformName: windows, proxy: Proxy(), se:cdp: ws://localhost:63017/devtoo..., se:cdpVersion: 125.0.6422.77, setWindowRect: true, strictFileInteractability: false, timeouts: {implicit: 0, pageLoad: 300000, script: 30000}, unhandledPromptBehavior: dismiss and notify, webauthn:extension:credBlob: true, webauthn:extension:largeBlob: true, webauthn:extension:minPinLength: true, webauthn:extension:prf: true, webauthn:virtualAuthenticators: true}
Session ID: ccc0c55e2658ab69ecedc3b46a9cc8d2
	at java.base/jdk.internal.reflect.NativeConstructorAccessorImpl.newInstance0(Native Method)
	at java.base/jdk.internal.reflect.NativeConstructorAccessorImpl.newInstance(NativeConstructorAccessorImpl.java:77)
	at java.base/jdk.internal.reflect.DelegatingConstructorAccessorImpl.newInstance(DelegatingConstructorAccessorImpl.java:45)
	at java.base/java.lang.reflect.Constructor.newInstanceWithCaller(Constructor.java:499)
	at java.base/java.lang.reflect.Constructor.newInstance(Constructor.java:480)
	at org.openqa.selenium.remote.ErrorCodec.decode(ErrorCodec.java:167)
	at org.openqa.selenium.remote.codec.w3c.W3CHttpResponseCodec.decode(W3CHttpResponseCodec.java:138)
	at org.openqa.selenium.remote.codec.w3c.W3CHttpResponseCodec.decode(W3CHttpResponseCodec.java:50)
	at org.openqa.selenium.remote.HttpCommandExecutor.execute(HttpCommandExecutor.java:190)
	at org.openqa.selenium.remote.service.DriverCommandExecutor.invokeExecute(DriverCommandExecutor.java:216)
	at org.openqa.selenium.remote.service.DriverCommandExecutor.execute(DriverCommandExecutor.java:174)
	at org.openqa.selenium.remote.RemoteWebDriver.execute(RemoteWebDriver.java:518)
	at org.openqa.selenium.remote.ElementLocation$ElementFinder$2.findElement(ElementLocation.java:165)
	at org.openqa.selenium.remote.ElementLocation.findElement(ElementLocation.java:59)
	at org.openqa.selenium.remote.RemoteWebDriver.findElement(RemoteWebDriver.java:355)
	at org.openqa.selenium.remote.RemoteWebDriver.findElement(RemoteWebDriver.java:349)
	at dsalgoPOM.LoginInpage.clicksign_in(LoginInpage.java:31)
	at dsalgo_stepdefinition.DSalgoLoginInpage.the_user_lands_on_ds_algo_dign_in_page(DSalgoLoginInpage.java:123)
	at ✽.The  user land on DS Algo Sign in page(file:///C:/Users/senth/AutomationRepo/Ds-Algo/src/test/resources/features/ABS10_DSalgoTreePage.feature:10)
</pre></div></td>
<td>22</td>
<td>dsalgo_stepdefinition.TestRunner@4b14918a</td></tr>
<tr>
<td title='dsalgo_stepdefinition.TestRunner.runScenario()'><b>runScenario</b><br>Test class: dsalgo_stepdefinition.TestRunner<br>Test method: Runs Cucumber Scenarios<br>Parameters: "Implementation using array page", "User launch DSAlgo application and Test Queue page"</td>
<td><div><pre>org.openqa.selenium.NoSuchElementException: no such element: Unable to locate element: {&quot;method&quot;:&quot;xpath&quot;,&quot;selector&quot;:&quot;//a[@href=&quot;/login&quot;]&quot;}
  (Session info: chrome=125.0.6422.77)
For documentation on this error, please visit: https://www.selenium.dev/documentation/webdriver/troubleshooting/errors#no-such-element-exception
Build info: version: &apos;4.19.1&apos;, revision: &apos;abe0ee07dc&apos;
System info: os.name: &apos;Windows 11&apos;, os.arch: &apos;amd64&apos;, os.version: &apos;10.0&apos;, java.version: &apos;17.0.3&apos;
Driver info: org.openqa.selenium.chrome.ChromeDriver
Command: [e83013a078b231728c7fd45cb4ca8358, findElement {value=//a[@href=&quot;/login&quot;], using=xpath}]
Capabilities {acceptInsecureCerts: false, browserName: chrome, browserVersion: 125.0.6422.77, chrome: {chromedriverVersion: 125.0.6422.76 (67dcf7562b8f..., userDataDir: C:\Users\senth\AppData\Loca...}, fedcm:accounts: true, goog:chromeOptions: {debuggerAddress: localhost:63014}, networkConnectionEnabled: false, pageLoadStrategy: normal, platformName: windows, proxy: Proxy(), se:cdp: ws://localhost:63014/devtoo..., se:cdpVersion: 125.0.6422.77, setWindowRect: true, strictFileInteractability: false, timeouts: {implicit: 0, pageLoad: 300000, script: 30000}, unhandledPromptBehavior: dismiss and notify, webauthn:extension:credBlob: true, webauthn:extension:largeBlob: true, webauthn:extension:minPinLength: true, webauthn:extension:prf: true, webauthn:virtualAuthenticators: true}
Session ID: e83013a078b231728c7fd45cb4ca8358
	at java.base/jdk.internal.reflect.NativeConstructorAccessorImpl.newInstance0(Native Method)
	at java.base/jdk.internal.reflect.NativeConstructorAccessorImpl.newInstance(NativeConstructorAccessorImpl.java:77)
	at java.base/jdk.internal.reflect.DelegatingConstructorAccessorImpl.newInstance(DelegatingConstructorAccessorImpl.java:45)
	at java.base/java.lang.reflect.Constructor.newInstanceWithCaller(Constructor.java:499)
	at java.base/java.lang.reflect.Constructor.newInstance(Constructor.java:480)
	at org.openqa.selenium.remote.ErrorCodec.decode(ErrorCodec.java:167)
	at org.openqa.selenium.remote.codec.w3c.W3CHttpResponseCodec.decode(W3CHttpResponseCodec.java:138)
	at org.openqa.selenium.remote.codec.w3c.W3CHttpResponseCodec.decode(W3CHttpResponseCodec.java:50)
	at org.openqa.selenium.remote.HttpCommandExecutor.execute(HttpCommandExecutor.java:190)
	at org.openqa.selenium.remote.service.DriverCommandExecutor.invokeExecute(DriverCommandExecutor.java:216)
	at org.openqa.selenium.remote.service.DriverCommandExecutor.execute(DriverCommandExecutor.java:174)
	at org.openqa.selenium.remote.RemoteWebDriver.execute(RemoteWebDriver.java:518)
	at org.openqa.selenium.remote.ElementLocation$ElementFinder$2.findElement(ElementLocation.java:165)
	at org.openqa.selenium.remote.ElementLocation.findElement(ElementLocation.java:59)
	at org.openqa.selenium.remote.RemoteWebDriver.findElement(RemoteWebDriver.java:355)
	at org.openqa.selenium.remote.RemoteWebDriver.findElement(RemoteWebDriver.java:349)
	at dsalgoPOM.LoginInpage.clicksign_in(LoginInpage.java:31)
	at dsalgo_stepdefinition.DSalgoLoginInpage.the_user_lands_on_ds_algo_dign_in_page(DSalgoLoginInpage.java:123)
	at ✽.The  user land on DS Algo Sign in page(file:///C:/Users/senth/AutomationRepo/Ds-Algo/src/test/resources/features/ABS09_DSalgoQueuePage.feature:9)
</pre></div><a href='#' onClick='toggleBox("stack-trace905753109", this, "Click to show all stack frames", "Click to hide stack frames")'>Click to show all stack frames</a>
<div class='stack-trace' id='stack-trace905753109'><pre>org.openqa.selenium.NoSuchElementException: no such element: Unable to locate element: {&quot;method&quot;:&quot;xpath&quot;,&quot;selector&quot;:&quot;//a[@href=&quot;/login&quot;]&quot;}
  (Session info: chrome=125.0.6422.77)
For documentation on this error, please visit: https://www.selenium.dev/documentation/webdriver/troubleshooting/errors#no-such-element-exception
Build info: version: &apos;4.19.1&apos;, revision: &apos;abe0ee07dc&apos;
System info: os.name: &apos;Windows 11&apos;, os.arch: &apos;amd64&apos;, os.version: &apos;10.0&apos;, java.version: &apos;17.0.3&apos;
Driver info: org.openqa.selenium.chrome.ChromeDriver
Command: [e83013a078b231728c7fd45cb4ca8358, findElement {value=//a[@href=&quot;/login&quot;], using=xpath}]
Capabilities {acceptInsecureCerts: false, browserName: chrome, browserVersion: 125.0.6422.77, chrome: {chromedriverVersion: 125.0.6422.76 (67dcf7562b8f..., userDataDir: C:\Users\senth\AppData\Loca...}, fedcm:accounts: true, goog:chromeOptions: {debuggerAddress: localhost:63014}, networkConnectionEnabled: false, pageLoadStrategy: normal, platformName: windows, proxy: Proxy(), se:cdp: ws://localhost:63014/devtoo..., se:cdpVersion: 125.0.6422.77, setWindowRect: true, strictFileInteractability: false, timeouts: {implicit: 0, pageLoad: 300000, script: 30000}, unhandledPromptBehavior: dismiss and notify, webauthn:extension:credBlob: true, webauthn:extension:largeBlob: true, webauthn:extension:minPinLength: true, webauthn:extension:prf: true, webauthn:virtualAuthenticators: true}
Session ID: e83013a078b231728c7fd45cb4ca8358
	at java.base/jdk.internal.reflect.NativeConstructorAccessorImpl.newInstance0(Native Method)
	at java.base/jdk.internal.reflect.NativeConstructorAccessorImpl.newInstance(NativeConstructorAccessorImpl.java:77)
	at java.base/jdk.internal.reflect.DelegatingConstructorAccessorImpl.newInstance(DelegatingConstructorAccessorImpl.java:45)
	at java.base/java.lang.reflect.Constructor.newInstanceWithCaller(Constructor.java:499)
	at java.base/java.lang.reflect.Constructor.newInstance(Constructor.java:480)
	at org.openqa.selenium.remote.ErrorCodec.decode(ErrorCodec.java:167)
	at org.openqa.selenium.remote.codec.w3c.W3CHttpResponseCodec.decode(W3CHttpResponseCodec.java:138)
	at org.openqa.selenium.remote.codec.w3c.W3CHttpResponseCodec.decode(W3CHttpResponseCodec.java:50)
	at org.openqa.selenium.remote.HttpCommandExecutor.execute(HttpCommandExecutor.java:190)
	at org.openqa.selenium.remote.service.DriverCommandExecutor.invokeExecute(DriverCommandExecutor.java:216)
	at org.openqa.selenium.remote.service.DriverCommandExecutor.execute(DriverCommandExecutor.java:174)
	at org.openqa.selenium.remote.RemoteWebDriver.execute(RemoteWebDriver.java:518)
	at org.openqa.selenium.remote.ElementLocation$ElementFinder$2.findElement(ElementLocation.java:165)
	at org.openqa.selenium.remote.ElementLocation.findElement(ElementLocation.java:59)
	at org.openqa.selenium.remote.RemoteWebDriver.findElement(RemoteWebDriver.java:355)
	at org.openqa.selenium.remote.RemoteWebDriver.findElement(RemoteWebDriver.java:349)
	at dsalgoPOM.LoginInpage.clicksign_in(LoginInpage.java:31)
	at dsalgo_stepdefinition.DSalgoLoginInpage.the_user_lands_on_ds_algo_dign_in_page(DSalgoLoginInpage.java:123)
	at ✽.The  user land on DS Algo Sign in page(file:///C:/Users/senth/AutomationRepo/Ds-Algo/src/test/resources/features/ABS09_DSalgoQueuePage.feature:9)
</pre></div></td>
<td>21</td>
<td>dsalgo_stepdefinition.TestRunner@4b14918a</td></tr>
<tr>
<td title='dsalgo_stepdefinition.TestRunner.runScenario()'><b>runScenario</b><br>Test class: dsalgo_stepdefinition.TestRunner<br>Test method: Runs Cucumber Scenarios<br>Parameters: "validating Terminologies  Page", "DSalgo treePage"</td>
<td><div><pre>org.openqa.selenium.NoSuchElementException: no such element: Unable to locate element: {&quot;method&quot;:&quot;xpath&quot;,&quot;selector&quot;:&quot;//a[@href=&quot;/login&quot;]&quot;}
  (Session info: chrome=125.0.6422.77)
For documentation on this error, please visit: https://www.selenium.dev/documentation/webdriver/troubleshooting/errors#no-such-element-exception
Build info: version: &apos;4.19.1&apos;, revision: &apos;abe0ee07dc&apos;
System info: os.name: &apos;Windows 11&apos;, os.arch: &apos;amd64&apos;, os.version: &apos;10.0&apos;, java.version: &apos;17.0.3&apos;
Driver info: org.openqa.selenium.chrome.ChromeDriver
Command: [345e99652732cde3e8b2415180d89a7a, findElement {value=//a[@href=&quot;/login&quot;], using=xpath}]
Capabilities {acceptInsecureCerts: false, browserName: chrome, browserVersion: 125.0.6422.77, chrome: {chromedriverVersion: 125.0.6422.76 (67dcf7562b8f..., userDataDir: C:\Users\senth\AppData\Loca...}, fedcm:accounts: true, goog:chromeOptions: {debuggerAddress: localhost:63039}, networkConnectionEnabled: false, pageLoadStrategy: normal, platformName: windows, proxy: Proxy(), se:cdp: ws://localhost:63039/devtoo..., se:cdpVersion: 125.0.6422.77, setWindowRect: true, strictFileInteractability: false, timeouts: {implicit: 0, pageLoad: 300000, script: 30000}, unhandledPromptBehavior: dismiss and notify, webauthn:extension:credBlob: true, webauthn:extension:largeBlob: true, webauthn:extension:minPinLength: true, webauthn:extension:prf: true, webauthn:virtualAuthenticators: true}
Session ID: 345e99652732cde3e8b2415180d89a7a
	at java.base/jdk.internal.reflect.NativeConstructorAccessorImpl.newInstance0(Native Method)
	at java.base/jdk.internal.reflect.NativeConstructorAccessorImpl.newInstance(NativeConstructorAccessorImpl.java:77)
	at java.base/jdk.internal.reflect.DelegatingConstructorAccessorImpl.newInstance(DelegatingConstructorAccessorImpl.java:45)
	at java.base/java.lang.reflect.Constructor.newInstanceWithCaller(Constructor.java:499)
	at java.base/java.lang.reflect.Constructor.newInstance(Constructor.java:480)
	at org.openqa.selenium.remote.ErrorCodec.decode(ErrorCodec.java:167)
	at org.openqa.selenium.remote.codec.w3c.W3CHttpResponseCodec.decode(W3CHttpResponseCodec.java:138)
	at org.openqa.selenium.remote.codec.w3c.W3CHttpResponseCodec.decode(W3CHttpResponseCodec.java:50)
	at org.openqa.selenium.remote.HttpCommandExecutor.execute(HttpCommandExecutor.java:190)
	at org.openqa.selenium.remote.service.DriverCommandExecutor.invokeExecute(DriverCommandExecutor.java:216)
	at org.openqa.selenium.remote.service.DriverCommandExecutor.execute(DriverCommandExecutor.java:174)
	at org.openqa.selenium.remote.RemoteWebDriver.execute(RemoteWebDriver.java:518)
	at org.openqa.selenium.remote.ElementLocation$ElementFinder$2.findElement(ElementLocation.java:165)
	at org.openqa.selenium.remote.ElementLocation.findElement(ElementLocation.java:59)
	at org.openqa.selenium.remote.RemoteWebDriver.findElement(RemoteWebDriver.java:355)
	at org.openqa.selenium.remote.RemoteWebDriver.findElement(RemoteWebDriver.java:349)
	at dsalgoPOM.LoginInpage.clicksign_in(LoginInpage.java:31)
	at dsalgo_stepdefinition.DSalgoLoginInpage.the_user_lands_on_ds_algo_dign_in_page(DSalgoLoginInpage.java:123)
	at ✽.The  user land on DS Algo Sign in page(file:///C:/Users/senth/AutomationRepo/Ds-Algo/src/test/resources/features/ABS10_DSalgoTreePage.feature:10)
</pre></div><a href='#' onClick='toggleBox("stack-trace56982380", this, "Click to show all stack frames", "Click to hide stack frames")'>Click to show all stack frames</a>
<div class='stack-trace' id='stack-trace56982380'><pre>org.openqa.selenium.NoSuchElementException: no such element: Unable to locate element: {&quot;method&quot;:&quot;xpath&quot;,&quot;selector&quot;:&quot;//a[@href=&quot;/login&quot;]&quot;}
  (Session info: chrome=125.0.6422.77)
For documentation on this error, please visit: https://www.selenium.dev/documentation/webdriver/troubleshooting/errors#no-such-element-exception
Build info: version: &apos;4.19.1&apos;, revision: &apos;abe0ee07dc&apos;
System info: os.name: &apos;Windows 11&apos;, os.arch: &apos;amd64&apos;, os.version: &apos;10.0&apos;, java.version: &apos;17.0.3&apos;
Driver info: org.openqa.selenium.chrome.ChromeDriver
Command: [345e99652732cde3e8b2415180d89a7a, findElement {value=//a[@href=&quot;/login&quot;], using=xpath}]
Capabilities {acceptInsecureCerts: false, browserName: chrome, browserVersion: 125.0.6422.77, chrome: {chromedriverVersion: 125.0.6422.76 (67dcf7562b8f..., userDataDir: C:\Users\senth\AppData\Loca...}, fedcm:accounts: true, goog:chromeOptions: {debuggerAddress: localhost:63039}, networkConnectionEnabled: false, pageLoadStrategy: normal, platformName: windows, proxy: Proxy(), se:cdp: ws://localhost:63039/devtoo..., se:cdpVersion: 125.0.6422.77, setWindowRect: true, strictFileInteractability: false, timeouts: {implicit: 0, pageLoad: 300000, script: 30000}, unhandledPromptBehavior: dismiss and notify, webauthn:extension:credBlob: true, webauthn:extension:largeBlob: true, webauthn:extension:minPinLength: true, webauthn:extension:prf: true, webauthn:virtualAuthenticators: true}
Session ID: 345e99652732cde3e8b2415180d89a7a
	at java.base/jdk.internal.reflect.NativeConstructorAccessorImpl.newInstance0(Native Method)
	at java.base/jdk.internal.reflect.NativeConstructorAccessorImpl.newInstance(NativeConstructorAccessorImpl.java:77)
	at java.base/jdk.internal.reflect.DelegatingConstructorAccessorImpl.newInstance(DelegatingConstructorAccessorImpl.java:45)
	at java.base/java.lang.reflect.Constructor.newInstanceWithCaller(Constructor.java:499)
	at java.base/java.lang.reflect.Constructor.newInstance(Constructor.java:480)
	at org.openqa.selenium.remote.ErrorCodec.decode(ErrorCodec.java:167)
	at org.openqa.selenium.remote.codec.w3c.W3CHttpResponseCodec.decode(W3CHttpResponseCodec.java:138)
	at org.openqa.selenium.remote.codec.w3c.W3CHttpResponseCodec.decode(W3CHttpResponseCodec.java:50)
	at org.openqa.selenium.remote.HttpCommandExecutor.execute(HttpCommandExecutor.java:190)
	at org.openqa.selenium.remote.service.DriverCommandExecutor.invokeExecute(DriverCommandExecutor.java:216)
	at org.openqa.selenium.remote.service.DriverCommandExecutor.execute(DriverCommandExecutor.java:174)
	at org.openqa.selenium.remote.RemoteWebDriver.execute(RemoteWebDriver.java:518)
	at org.openqa.selenium.remote.ElementLocation$ElementFinder$2.findElement(ElementLocation.java:165)
	at org.openqa.selenium.remote.ElementLocation.findElement(ElementLocation.java:59)
	at org.openqa.selenium.remote.RemoteWebDriver.findElement(RemoteWebDriver.java:355)
	at org.openqa.selenium.remote.RemoteWebDriver.findElement(RemoteWebDriver.java:349)
	at dsalgoPOM.LoginInpage.clicksign_in(LoginInpage.java:31)
	at dsalgo_stepdefinition.DSalgoLoginInpage.the_user_lands_on_ds_algo_dign_in_page(DSalgoLoginInpage.java:123)
	at ✽.The  user land on DS Algo Sign in page(file:///C:/Users/senth/AutomationRepo/Ds-Algo/src/test/resources/features/ABS10_DSalgoTreePage.feature:10)
</pre></div></td>
<td>21</td>
<td>dsalgo_stepdefinition.TestRunner@4b14918a</td></tr>
<tr>
<td title='dsalgo_stepdefinition.TestRunner.runScenario()'><b>runScenario</b><br>Test class: dsalgo_stepdefinition.TestRunner<br>Test method: Runs Cucumber Scenarios<br>Parameters: "Opening Register Page", "Register Page validation"</td>
<td><div><pre>org.openqa.selenium.WebDriverException: no such execution context
  (Session info: chrome=125.0.6422.77)
Build info: version: &apos;4.19.1&apos;, revision: &apos;abe0ee07dc&apos;
System info: os.name: &apos;Windows 11&apos;, os.arch: &apos;amd64&apos;, os.version: &apos;10.0&apos;, java.version: &apos;17.0.3&apos;
Driver info: org.openqa.selenium.chrome.ChromeDriver
Command: [df16ac723e05547c8a7b0581f1a2ec75, maximizeCurrentWindow {}]
Capabilities {acceptInsecureCerts: false, browserName: chrome, browserVersion: 125.0.6422.77, chrome: {chromedriverVersion: 125.0.6422.76 (67dcf7562b8f..., userDataDir: C:\Users\senth\AppData\Loca...}, fedcm:accounts: true, goog:chromeOptions: {debuggerAddress: localhost:63015}, networkConnectionEnabled: false, pageLoadStrategy: normal, platformName: windows, proxy: Proxy(), se:cdp: ws://localhost:63015/devtoo..., se:cdpVersion: 125.0.6422.77, setWindowRect: true, strictFileInteractability: false, timeouts: {implicit: 0, pageLoad: 300000, script: 30000}, unhandledPromptBehavior: dismiss and notify, webauthn:extension:credBlob: true, webauthn:extension:largeBlob: true, webauthn:extension:minPinLength: true, webauthn:extension:prf: true, webauthn:virtualAuthenticators: true}
Session ID: df16ac723e05547c8a7b0581f1a2ec75
	at java.base/jdk.internal.reflect.NativeConstructorAccessorImpl.newInstance0(Native Method)
	at java.base/jdk.internal.reflect.NativeConstructorAccessorImpl.newInstance(NativeConstructorAccessorImpl.java:77)
	at java.base/jdk.internal.reflect.DelegatingConstructorAccessorImpl.newInstance(DelegatingConstructorAccessorImpl.java:45)
	at java.base/java.lang.reflect.Constructor.newInstanceWithCaller(Constructor.java:499)
	at java.base/java.lang.reflect.Constructor.newInstance(Constructor.java:480)
	at org.openqa.selenium.remote.ErrorCodec.decode(ErrorCodec.java:167)
	at org.openqa.selenium.remote.codec.w3c.W3CHttpResponseCodec.decode(W3CHttpResponseCodec.java:138)
	at org.openqa.selenium.remote.codec.w3c.W3CHttpResponseCodec.decode(W3CHttpResponseCodec.java:50)
	at org.openqa.selenium.remote.HttpCommandExecutor.execute(HttpCommandExecutor.java:190)
	at org.openqa.selenium.remote.service.DriverCommandExecutor.invokeExecute(DriverCommandExecutor.java:216)
	at org.openqa.selenium.remote.service.DriverCommandExecutor.execute(DriverCommandExecutor.java:174)
	at org.openqa.selenium.remote.RemoteWebDriver.execute(RemoteWebDriver.java:518)
	at org.openqa.selenium.remote.RemoteWebDriver.execute(RemoteWebDriver.java:591)
	at org.openqa.selenium.remote.RemoteWebDriver.execute(RemoteWebDriver.java:595)
	at org.openqa.selenium.remote.RemoteWebDriver$RemoteWebDriverOptions$RemoteWindow.maximize(RemoteWebDriver.java:1034)
	at dsalgo_driver.BaseTest.driverInitializer(BaseTest.java:65)
	at dsAlgo_hooks.Hooks.beforeScenario(Hooks.java:39)
</pre></div><a href='#' onClick='toggleBox("stack-trace1050327568", this, "Click to show all stack frames", "Click to hide stack frames")'>Click to show all stack frames</a>
<div class='stack-trace' id='stack-trace1050327568'><pre>org.openqa.selenium.WebDriverException: no such execution context
  (Session info: chrome=125.0.6422.77)
Build info: version: &apos;4.19.1&apos;, revision: &apos;abe0ee07dc&apos;
System info: os.name: &apos;Windows 11&apos;, os.arch: &apos;amd64&apos;, os.version: &apos;10.0&apos;, java.version: &apos;17.0.3&apos;
Driver info: org.openqa.selenium.chrome.ChromeDriver
Command: [df16ac723e05547c8a7b0581f1a2ec75, maximizeCurrentWindow {}]
Capabilities {acceptInsecureCerts: false, browserName: chrome, browserVersion: 125.0.6422.77, chrome: {chromedriverVersion: 125.0.6422.76 (67dcf7562b8f..., userDataDir: C:\Users\senth\AppData\Loca...}, fedcm:accounts: true, goog:chromeOptions: {debuggerAddress: localhost:63015}, networkConnectionEnabled: false, pageLoadStrategy: normal, platformName: windows, proxy: Proxy(), se:cdp: ws://localhost:63015/devtoo..., se:cdpVersion: 125.0.6422.77, setWindowRect: true, strictFileInteractability: false, timeouts: {implicit: 0, pageLoad: 300000, script: 30000}, unhandledPromptBehavior: dismiss and notify, webauthn:extension:credBlob: true, webauthn:extension:largeBlob: true, webauthn:extension:minPinLength: true, webauthn:extension:prf: true, webauthn:virtualAuthenticators: true}
Session ID: df16ac723e05547c8a7b0581f1a2ec75
	at java.base/jdk.internal.reflect.NativeConstructorAccessorImpl.newInstance0(Native Method)
	at java.base/jdk.internal.reflect.NativeConstructorAccessorImpl.newInstance(NativeConstructorAccessorImpl.java:77)
	at java.base/jdk.internal.reflect.DelegatingConstructorAccessorImpl.newInstance(DelegatingConstructorAccessorImpl.java:45)
	at java.base/java.lang.reflect.Constructor.newInstanceWithCaller(Constructor.java:499)
	at java.base/java.lang.reflect.Constructor.newInstance(Constructor.java:480)
	at org.openqa.selenium.remote.ErrorCodec.decode(ErrorCodec.java:167)
	at org.openqa.selenium.remote.codec.w3c.W3CHttpResponseCodec.decode(W3CHttpResponseCodec.java:138)
	at org.openqa.selenium.remote.codec.w3c.W3CHttpResponseCodec.decode(W3CHttpResponseCodec.java:50)
	at org.openqa.selenium.remote.HttpCommandExecutor.execute(HttpCommandExecutor.java:190)
	at org.openqa.selenium.remote.service.DriverCommandExecutor.invokeExecute(DriverCommandExecutor.java:216)
	at org.openqa.selenium.remote.service.DriverCommandExecutor.execute(DriverCommandExecutor.java:174)
	at org.openqa.selenium.remote.RemoteWebDriver.execute(RemoteWebDriver.java:518)
	at org.openqa.selenium.remote.RemoteWebDriver.execute(RemoteWebDriver.java:591)
	at org.openqa.selenium.remote.RemoteWebDriver.execute(RemoteWebDriver.java:595)
	at org.openqa.selenium.remote.RemoteWebDriver$RemoteWebDriverOptions$RemoteWindow.maximize(RemoteWebDriver.java:1034)
	at dsalgo_driver.BaseTest.driverInitializer(BaseTest.java:65)
	at dsAlgo_hooks.Hooks.beforeScenario(Hooks.java:39)
</pre></div></td>
<td>4</td>
<td>dsalgo_stepdefinition.TestRunner@4b14918a</td></tr>
<tr>
<td title='dsalgo_stepdefinition.TestRunner.runScenario()'><b>runScenario</b><br>Test class: dsalgo_stepdefinition.TestRunner<br>Test method: Runs Cucumber Scenarios<br>Parameters: "The user is able to see the error message in pop up window with incorrect python code", "User launch DSAlgo application and Test Queue page"</td>
<td><div><pre>org.openqa.selenium.NoSuchElementException: no such element: Unable to locate element: {&quot;method&quot;:&quot;xpath&quot;,&quot;selector&quot;:&quot;//a[@href=&quot;/login&quot;]&quot;}
  (Session info: chrome=125.0.6422.77)
For documentation on this error, please visit: https://www.selenium.dev/documentation/webdriver/troubleshooting/errors#no-such-element-exception
Build info: version: &apos;4.19.1&apos;, revision: &apos;abe0ee07dc&apos;
System info: os.name: &apos;Windows 11&apos;, os.arch: &apos;amd64&apos;, os.version: &apos;10.0&apos;, java.version: &apos;17.0.3&apos;
Driver info: org.openqa.selenium.chrome.ChromeDriver
Command: [ccc0c55e2658ab69ecedc3b46a9cc8d2, findElement {value=//a[@href=&quot;/login&quot;], using=xpath}]
Capabilities {acceptInsecureCerts: false, browserName: chrome, browserVersion: 125.0.6422.77, chrome: {chromedriverVersion: 125.0.6422.76 (67dcf7562b8f..., userDataDir: C:\Users\senth\AppData\Loca...}, fedcm:accounts: true, goog:chromeOptions: {debuggerAddress: localhost:63017}, networkConnectionEnabled: false, pageLoadStrategy: normal, platformName: windows, proxy: Proxy(), se:cdp: ws://localhost:63017/devtoo..., se:cdpVersion: 125.0.6422.77, setWindowRect: true, strictFileInteractability: false, timeouts: {implicit: 0, pageLoad: 300000, script: 30000}, unhandledPromptBehavior: dismiss and notify, webauthn:extension:credBlob: true, webauthn:extension:largeBlob: true, webauthn:extension:minPinLength: true, webauthn:extension:prf: true, webauthn:virtualAuthenticators: true}
Session ID: ccc0c55e2658ab69ecedc3b46a9cc8d2
	at java.base/jdk.internal.reflect.NativeConstructorAccessorImpl.newInstance0(Native Method)
	at java.base/jdk.internal.reflect.NativeConstructorAccessorImpl.newInstance(NativeConstructorAccessorImpl.java:77)
	at java.base/jdk.internal.reflect.DelegatingConstructorAccessorImpl.newInstance(DelegatingConstructorAccessorImpl.java:45)
	at java.base/java.lang.reflect.Constructor.newInstanceWithCaller(Constructor.java:499)
	at java.base/java.lang.reflect.Constructor.newInstance(Constructor.java:480)
	at org.openqa.selenium.remote.ErrorCodec.decode(ErrorCodec.java:167)
	at org.openqa.selenium.remote.codec.w3c.W3CHttpResponseCodec.decode(W3CHttpResponseCodec.java:138)
	at org.openqa.selenium.remote.codec.w3c.W3CHttpResponseCodec.decode(W3CHttpResponseCodec.java:50)
	at org.openqa.selenium.remote.HttpCommandExecutor.execute(HttpCommandExecutor.java:190)
	at org.openqa.selenium.remote.service.DriverCommandExecutor.invokeExecute(DriverCommandExecutor.java:216)
	at org.openqa.selenium.remote.service.DriverCommandExecutor.execute(DriverCommandExecutor.java:174)
	at org.openqa.selenium.remote.RemoteWebDriver.execute(RemoteWebDriver.java:518)
	at org.openqa.selenium.remote.ElementLocation$ElementFinder$2.findElement(ElementLocation.java:165)
	at org.openqa.selenium.remote.ElementLocation.findElement(ElementLocation.java:59)
	at org.openqa.selenium.remote.RemoteWebDriver.findElement(RemoteWebDriver.java:355)
	at org.openqa.selenium.remote.RemoteWebDriver.findElement(RemoteWebDriver.java:349)
	at dsalgoPOM.LoginInpage.clicksign_in(LoginInpage.java:31)
	at dsalgo_stepdefinition.DSalgoLoginInpage.the_user_lands_on_ds_algo_dign_in_page(DSalgoLoginInpage.java:123)
	at ✽.The  user land on DS Algo Sign in page(file:///C:/Users/senth/AutomationRepo/Ds-Algo/src/test/resources/features/ABS09_DSalgoQueuePage.feature:9)
</pre></div><a href='#' onClick='toggleBox("stack-trace325711395", this, "Click to show all stack frames", "Click to hide stack frames")'>Click to show all stack frames</a>
<div class='stack-trace' id='stack-trace325711395'><pre>org.openqa.selenium.NoSuchElementException: no such element: Unable to locate element: {&quot;method&quot;:&quot;xpath&quot;,&quot;selector&quot;:&quot;//a[@href=&quot;/login&quot;]&quot;}
  (Session info: chrome=125.0.6422.77)
For documentation on this error, please visit: https://www.selenium.dev/documentation/webdriver/troubleshooting/errors#no-such-element-exception
Build info: version: &apos;4.19.1&apos;, revision: &apos;abe0ee07dc&apos;
System info: os.name: &apos;Windows 11&apos;, os.arch: &apos;amd64&apos;, os.version: &apos;10.0&apos;, java.version: &apos;17.0.3&apos;
Driver info: org.openqa.selenium.chrome.ChromeDriver
Command: [ccc0c55e2658ab69ecedc3b46a9cc8d2, findElement {value=//a[@href=&quot;/login&quot;], using=xpath}]
Capabilities {acceptInsecureCerts: false, browserName: chrome, browserVersion: 125.0.6422.77, chrome: {chromedriverVersion: 125.0.6422.76 (67dcf7562b8f..., userDataDir: C:\Users\senth\AppData\Loca...}, fedcm:accounts: true, goog:chromeOptions: {debuggerAddress: localhost:63017}, networkConnectionEnabled: false, pageLoadStrategy: normal, platformName: windows, proxy: Proxy(), se:cdp: ws://localhost:63017/devtoo..., se:cdpVersion: 125.0.6422.77, setWindowRect: true, strictFileInteractability: false, timeouts: {implicit: 0, pageLoad: 300000, script: 30000}, unhandledPromptBehavior: dismiss and notify, webauthn:extension:credBlob: true, webauthn:extension:largeBlob: true, webauthn:extension:minPinLength: true, webauthn:extension:prf: true, webauthn:virtualAuthenticators: true}
Session ID: ccc0c55e2658ab69ecedc3b46a9cc8d2
	at java.base/jdk.internal.reflect.NativeConstructorAccessorImpl.newInstance0(Native Method)
	at java.base/jdk.internal.reflect.NativeConstructorAccessorImpl.newInstance(NativeConstructorAccessorImpl.java:77)
	at java.base/jdk.internal.reflect.DelegatingConstructorAccessorImpl.newInstance(DelegatingConstructorAccessorImpl.java:45)
	at java.base/java.lang.reflect.Constructor.newInstanceWithCaller(Constructor.java:499)
	at java.base/java.lang.reflect.Constructor.newInstance(Constructor.java:480)
	at org.openqa.selenium.remote.ErrorCodec.decode(ErrorCodec.java:167)
	at org.openqa.selenium.remote.codec.w3c.W3CHttpResponseCodec.decode(W3CHttpResponseCodec.java:138)
	at org.openqa.selenium.remote.codec.w3c.W3CHttpResponseCodec.decode(W3CHttpResponseCodec.java:50)
	at org.openqa.selenium.remote.HttpCommandExecutor.execute(HttpCommandExecutor.java:190)
	at org.openqa.selenium.remote.service.DriverCommandExecutor.invokeExecute(DriverCommandExecutor.java:216)
	at org.openqa.selenium.remote.service.DriverCommandExecutor.execute(DriverCommandExecutor.java:174)
	at org.openqa.selenium.remote.RemoteWebDriver.execute(RemoteWebDriver.java:518)
	at org.openqa.selenium.remote.ElementLocation$ElementFinder$2.findElement(ElementLocation.java:165)
	at org.openqa.selenium.remote.ElementLocation.findElement(ElementLocation.java:59)
	at org.openqa.selenium.remote.RemoteWebDriver.findElement(RemoteWebDriver.java:355)
	at org.openqa.selenium.remote.RemoteWebDriver.findElement(RemoteWebDriver.java:349)
	at dsalgoPOM.LoginInpage.clicksign_in(LoginInpage.java:31)
	at dsalgo_stepdefinition.DSalgoLoginInpage.the_user_lands_on_ds_algo_dign_in_page(DSalgoLoginInpage.java:123)
	at ✽.The  user land on DS Algo Sign in page(file:///C:/Users/senth/AutomationRepo/Ds-Algo/src/test/resources/features/ABS09_DSalgoQueuePage.feature:9)
</pre></div></td>
<td>22</td>
<td>dsalgo_stepdefinition.TestRunner@4b14918a</td></tr>
<tr>
<td title='dsalgo_stepdefinition.TestRunner.runScenario()'><b>runScenario</b><br>Test class: dsalgo_stepdefinition.TestRunner<br>Test method: Runs Cucumber Scenarios<br>Parameters: "validating Traversals Illustrations  Page", "DSalgo treePage"</td>
<td><div><pre>org.openqa.selenium.NoSuchElementException: no such element: Unable to locate element: {&quot;method&quot;:&quot;xpath&quot;,&quot;selector&quot;:&quot;//a[@href=&quot;/login&quot;]&quot;}
  (Session info: chrome=125.0.6422.77)
For documentation on this error, please visit: https://www.selenium.dev/documentation/webdriver/troubleshooting/errors#no-such-element-exception
Build info: version: &apos;4.19.1&apos;, revision: &apos;abe0ee07dc&apos;
System info: os.name: &apos;Windows 11&apos;, os.arch: &apos;amd64&apos;, os.version: &apos;10.0&apos;, java.version: &apos;17.0.3&apos;
Driver info: org.openqa.selenium.chrome.ChromeDriver
Command: [df16ac723e05547c8a7b0581f1a2ec75, findElement {value=//a[@href=&quot;/login&quot;], using=xpath}]
Capabilities {acceptInsecureCerts: false, browserName: chrome, browserVersion: 125.0.6422.77, chrome: {chromedriverVersion: 125.0.6422.76 (67dcf7562b8f..., userDataDir: C:\Users\senth\AppData\Loca...}, fedcm:accounts: true, goog:chromeOptions: {debuggerAddress: localhost:63015}, networkConnectionEnabled: false, pageLoadStrategy: normal, platformName: windows, proxy: Proxy(), se:cdp: ws://localhost:63015/devtoo..., se:cdpVersion: 125.0.6422.77, setWindowRect: true, strictFileInteractability: false, timeouts: {implicit: 0, pageLoad: 300000, script: 30000}, unhandledPromptBehavior: dismiss and notify, webauthn:extension:credBlob: true, webauthn:extension:largeBlob: true, webauthn:extension:minPinLength: true, webauthn:extension:prf: true, webauthn:virtualAuthenticators: true}
Session ID: df16ac723e05547c8a7b0581f1a2ec75
	at java.base/jdk.internal.reflect.NativeConstructorAccessorImpl.newInstance0(Native Method)
	at java.base/jdk.internal.reflect.NativeConstructorAccessorImpl.newInstance(NativeConstructorAccessorImpl.java:77)
	at java.base/jdk.internal.reflect.DelegatingConstructorAccessorImpl.newInstance(DelegatingConstructorAccessorImpl.java:45)
	at java.base/java.lang.reflect.Constructor.newInstanceWithCaller(Constructor.java:499)
	at java.base/java.lang.reflect.Constructor.newInstance(Constructor.java:480)
	at org.openqa.selenium.remote.ErrorCodec.decode(ErrorCodec.java:167)
	at org.openqa.selenium.remote.codec.w3c.W3CHttpResponseCodec.decode(W3CHttpResponseCodec.java:138)
	at org.openqa.selenium.remote.codec.w3c.W3CHttpResponseCodec.decode(W3CHttpResponseCodec.java:50)
	at org.openqa.selenium.remote.HttpCommandExecutor.execute(HttpCommandExecutor.java:190)
	at org.openqa.selenium.remote.service.DriverCommandExecutor.invokeExecute(DriverCommandExecutor.java:216)
	at org.openqa.selenium.remote.service.DriverCommandExecutor.execute(DriverCommandExecutor.java:174)
	at org.openqa.selenium.remote.RemoteWebDriver.execute(RemoteWebDriver.java:518)
	at org.openqa.selenium.remote.ElementLocation$ElementFinder$2.findElement(ElementLocation.java:165)
	at org.openqa.selenium.remote.ElementLocation.findElement(ElementLocation.java:59)
	at org.openqa.selenium.remote.RemoteWebDriver.findElement(RemoteWebDriver.java:355)
	at org.openqa.selenium.remote.RemoteWebDriver.findElement(RemoteWebDriver.java:349)
	at dsalgoPOM.LoginInpage.clicksign_in(LoginInpage.java:31)
	at dsalgo_stepdefinition.DSalgoLoginInpage.the_user_lands_on_ds_algo_dign_in_page(DSalgoLoginInpage.java:123)
	at ✽.The  user land on DS Algo Sign in page(file:///C:/Users/senth/AutomationRepo/Ds-Algo/src/test/resources/features/ABS10_DSalgoTreePage.feature:10)
</pre></div><a href='#' onClick='toggleBox("stack-trace2128238544", this, "Click to show all stack frames", "Click to hide stack frames")'>Click to show all stack frames</a>
<div class='stack-trace' id='stack-trace2128238544'><pre>org.openqa.selenium.NoSuchElementException: no such element: Unable to locate element: {&quot;method&quot;:&quot;xpath&quot;,&quot;selector&quot;:&quot;//a[@href=&quot;/login&quot;]&quot;}
  (Session info: chrome=125.0.6422.77)
For documentation on this error, please visit: https://www.selenium.dev/documentation/webdriver/troubleshooting/errors#no-such-element-exception
Build info: version: &apos;4.19.1&apos;, revision: &apos;abe0ee07dc&apos;
System info: os.name: &apos;Windows 11&apos;, os.arch: &apos;amd64&apos;, os.version: &apos;10.0&apos;, java.version: &apos;17.0.3&apos;
Driver info: org.openqa.selenium.chrome.ChromeDriver
Command: [df16ac723e05547c8a7b0581f1a2ec75, findElement {value=//a[@href=&quot;/login&quot;], using=xpath}]
Capabilities {acceptInsecureCerts: false, browserName: chrome, browserVersion: 125.0.6422.77, chrome: {chromedriverVersion: 125.0.6422.76 (67dcf7562b8f..., userDataDir: C:\Users\senth\AppData\Loca...}, fedcm:accounts: true, goog:chromeOptions: {debuggerAddress: localhost:63015}, networkConnectionEnabled: false, pageLoadStrategy: normal, platformName: windows, proxy: Proxy(), se:cdp: ws://localhost:63015/devtoo..., se:cdpVersion: 125.0.6422.77, setWindowRect: true, strictFileInteractability: false, timeouts: {implicit: 0, pageLoad: 300000, script: 30000}, unhandledPromptBehavior: dismiss and notify, webauthn:extension:credBlob: true, webauthn:extension:largeBlob: true, webauthn:extension:minPinLength: true, webauthn:extension:prf: true, webauthn:virtualAuthenticators: true}
Session ID: df16ac723e05547c8a7b0581f1a2ec75
	at java.base/jdk.internal.reflect.NativeConstructorAccessorImpl.newInstance0(Native Method)
	at java.base/jdk.internal.reflect.NativeConstructorAccessorImpl.newInstance(NativeConstructorAccessorImpl.java:77)
	at java.base/jdk.internal.reflect.DelegatingConstructorAccessorImpl.newInstance(DelegatingConstructorAccessorImpl.java:45)
	at java.base/java.lang.reflect.Constructor.newInstanceWithCaller(Constructor.java:499)
	at java.base/java.lang.reflect.Constructor.newInstance(Constructor.java:480)
	at org.openqa.selenium.remote.ErrorCodec.decode(ErrorCodec.java:167)
	at org.openqa.selenium.remote.codec.w3c.W3CHttpResponseCodec.decode(W3CHttpResponseCodec.java:138)
	at org.openqa.selenium.remote.codec.w3c.W3CHttpResponseCodec.decode(W3CHttpResponseCodec.java:50)
	at org.openqa.selenium.remote.HttpCommandExecutor.execute(HttpCommandExecutor.java:190)
	at org.openqa.selenium.remote.service.DriverCommandExecutor.invokeExecute(DriverCommandExecutor.java:216)
	at org.openqa.selenium.remote.service.DriverCommandExecutor.execute(DriverCommandExecutor.java:174)
	at org.openqa.selenium.remote.RemoteWebDriver.execute(RemoteWebDriver.java:518)
	at org.openqa.selenium.remote.ElementLocation$ElementFinder$2.findElement(ElementLocation.java:165)
	at org.openqa.selenium.remote.ElementLocation.findElement(ElementLocation.java:59)
	at org.openqa.selenium.remote.RemoteWebDriver.findElement(RemoteWebDriver.java:355)
	at org.openqa.selenium.remote.RemoteWebDriver.findElement(RemoteWebDriver.java:349)
	at dsalgoPOM.LoginInpage.clicksign_in(LoginInpage.java:31)
	at dsalgo_stepdefinition.DSalgoLoginInpage.the_user_lands_on_ds_algo_dign_in_page(DSalgoLoginInpage.java:123)
	at ✽.The  user land on DS Algo Sign in page(file:///C:/Users/senth/AutomationRepo/Ds-Algo/src/test/resources/features/ABS10_DSalgoTreePage.feature:10)
</pre></div></td>
<td>22</td>
<td>dsalgo_stepdefinition.TestRunner@4b14918a</td></tr>
<tr>
<td title='dsalgo_stepdefinition.TestRunner.runScenario()'><b>runScenario</b><br>Test class: dsalgo_stepdefinition.TestRunner<br>Test method: Runs Cucumber Scenarios<br>Parameters: "validating PracticeQuestionPage", "DSalgo LinkedlistPage"</td>
<td><div><pre>org.openqa.selenium.NoSuchElementException: no such element: Unable to locate element: {&quot;method&quot;:&quot;xpath&quot;,&quot;selector&quot;:&quot;//a[@href=&quot;/login&quot;]&quot;}
  (Session info: chrome=125.0.6422.77)
For documentation on this error, please visit: https://www.selenium.dev/documentation/webdriver/troubleshooting/errors#no-such-element-exception
Build info: version: &apos;4.19.1&apos;, revision: &apos;abe0ee07dc&apos;
System info: os.name: &apos;Windows 11&apos;, os.arch: &apos;amd64&apos;, os.version: &apos;10.0&apos;, java.version: &apos;17.0.3&apos;
Driver info: org.openqa.selenium.chrome.ChromeDriver
Command: [9e3cef68007d08292e7f206fe32f1b64, findElement {value=//a[@href=&quot;/login&quot;], using=xpath}]
Capabilities {acceptInsecureCerts: false, browserName: chrome, browserVersion: 125.0.6422.77, chrome: {chromedriverVersion: 125.0.6422.76 (67dcf7562b8f..., userDataDir: C:\Users\senth\AppData\Loca...}, fedcm:accounts: true, goog:chromeOptions: {debuggerAddress: localhost:63013}, networkConnectionEnabled: false, pageLoadStrategy: normal, platformName: windows, proxy: Proxy(), se:cdp: ws://localhost:63013/devtoo..., se:cdpVersion: 125.0.6422.77, setWindowRect: true, strictFileInteractability: false, timeouts: {implicit: 0, pageLoad: 300000, script: 30000}, unhandledPromptBehavior: dismiss and notify, webauthn:extension:credBlob: true, webauthn:extension:largeBlob: true, webauthn:extension:minPinLength: true, webauthn:extension:prf: true, webauthn:virtualAuthenticators: true}
Session ID: 9e3cef68007d08292e7f206fe32f1b64
	at java.base/jdk.internal.reflect.NativeConstructorAccessorImpl.newInstance0(Native Method)
	at java.base/jdk.internal.reflect.NativeConstructorAccessorImpl.newInstance(NativeConstructorAccessorImpl.java:77)
	at java.base/jdk.internal.reflect.DelegatingConstructorAccessorImpl.newInstance(DelegatingConstructorAccessorImpl.java:45)
	at java.base/java.lang.reflect.Constructor.newInstanceWithCaller(Constructor.java:499)
	at java.base/java.lang.reflect.Constructor.newInstance(Constructor.java:480)
	at org.openqa.selenium.remote.ErrorCodec.decode(ErrorCodec.java:167)
	at org.openqa.selenium.remote.codec.w3c.W3CHttpResponseCodec.decode(W3CHttpResponseCodec.java:138)
	at org.openqa.selenium.remote.codec.w3c.W3CHttpResponseCodec.decode(W3CHttpResponseCodec.java:50)
	at org.openqa.selenium.remote.HttpCommandExecutor.execute(HttpCommandExecutor.java:190)
	at org.openqa.selenium.remote.service.DriverCommandExecutor.invokeExecute(DriverCommandExecutor.java:216)
	at org.openqa.selenium.remote.service.DriverCommandExecutor.execute(DriverCommandExecutor.java:174)
	at org.openqa.selenium.remote.RemoteWebDriver.execute(RemoteWebDriver.java:518)
	at org.openqa.selenium.remote.ElementLocation$ElementFinder$2.findElement(ElementLocation.java:165)
	at org.openqa.selenium.remote.ElementLocation.findElement(ElementLocation.java:59)
	at org.openqa.selenium.remote.RemoteWebDriver.findElement(RemoteWebDriver.java:355)
	at org.openqa.selenium.remote.RemoteWebDriver.findElement(RemoteWebDriver.java:349)
	at dsalgoPOM.LoginInpage.clicksign_in(LoginInpage.java:31)
	at dsalgo_stepdefinition.DSalgoLoginInpage.the_user_lands_on_ds_algo_dign_in_page(DSalgoLoginInpage.java:123)
	at ✽.The  user land on DS Algo Sign in page(file:///C:/Users/senth/AutomationRepo/Ds-Algo/src/test/resources/features/ABS07_DSalgoLinkedListPage.feature:11)
</pre></div><a href='#' onClick='toggleBox("stack-trace2060914115", this, "Click to show all stack frames", "Click to hide stack frames")'>Click to show all stack frames</a>
<div class='stack-trace' id='stack-trace2060914115'><pre>org.openqa.selenium.NoSuchElementException: no such element: Unable to locate element: {&quot;method&quot;:&quot;xpath&quot;,&quot;selector&quot;:&quot;//a[@href=&quot;/login&quot;]&quot;}
  (Session info: chrome=125.0.6422.77)
For documentation on this error, please visit: https://www.selenium.dev/documentation/webdriver/troubleshooting/errors#no-such-element-exception
Build info: version: &apos;4.19.1&apos;, revision: &apos;abe0ee07dc&apos;
System info: os.name: &apos;Windows 11&apos;, os.arch: &apos;amd64&apos;, os.version: &apos;10.0&apos;, java.version: &apos;17.0.3&apos;
Driver info: org.openqa.selenium.chrome.ChromeDriver
Command: [9e3cef68007d08292e7f206fe32f1b64, findElement {value=//a[@href=&quot;/login&quot;], using=xpath}]
Capabilities {acceptInsecureCerts: false, browserName: chrome, browserVersion: 125.0.6422.77, chrome: {chromedriverVersion: 125.0.6422.76 (67dcf7562b8f..., userDataDir: C:\Users\senth\AppData\Loca...}, fedcm:accounts: true, goog:chromeOptions: {debuggerAddress: localhost:63013}, networkConnectionEnabled: false, pageLoadStrategy: normal, platformName: windows, proxy: Proxy(), se:cdp: ws://localhost:63013/devtoo..., se:cdpVersion: 125.0.6422.77, setWindowRect: true, strictFileInteractability: false, timeouts: {implicit: 0, pageLoad: 300000, script: 30000}, unhandledPromptBehavior: dismiss and notify, webauthn:extension:credBlob: true, webauthn:extension:largeBlob: true, webauthn:extension:minPinLength: true, webauthn:extension:prf: true, webauthn:virtualAuthenticators: true}
Session ID: 9e3cef68007d08292e7f206fe32f1b64
	at java.base/jdk.internal.reflect.NativeConstructorAccessorImpl.newInstance0(Native Method)
	at java.base/jdk.internal.reflect.NativeConstructorAccessorImpl.newInstance(NativeConstructorAccessorImpl.java:77)
	at java.base/jdk.internal.reflect.DelegatingConstructorAccessorImpl.newInstance(DelegatingConstructorAccessorImpl.java:45)
	at java.base/java.lang.reflect.Constructor.newInstanceWithCaller(Constructor.java:499)
	at java.base/java.lang.reflect.Constructor.newInstance(Constructor.java:480)
	at org.openqa.selenium.remote.ErrorCodec.decode(ErrorCodec.java:167)
	at org.openqa.selenium.remote.codec.w3c.W3CHttpResponseCodec.decode(W3CHttpResponseCodec.java:138)
	at org.openqa.selenium.remote.codec.w3c.W3CHttpResponseCodec.decode(W3CHttpResponseCodec.java:50)
	at org.openqa.selenium.remote.HttpCommandExecutor.execute(HttpCommandExecutor.java:190)
	at org.openqa.selenium.remote.service.DriverCommandExecutor.invokeExecute(DriverCommandExecutor.java:216)
	at org.openqa.selenium.remote.service.DriverCommandExecutor.execute(DriverCommandExecutor.java:174)
	at org.openqa.selenium.remote.RemoteWebDriver.execute(RemoteWebDriver.java:518)
	at org.openqa.selenium.remote.ElementLocation$ElementFinder$2.findElement(ElementLocation.java:165)
	at org.openqa.selenium.remote.ElementLocation.findElement(ElementLocation.java:59)
	at org.openqa.selenium.remote.RemoteWebDriver.findElement(RemoteWebDriver.java:355)
	at org.openqa.selenium.remote.RemoteWebDriver.findElement(RemoteWebDriver.java:349)
	at dsalgoPOM.LoginInpage.clicksign_in(LoginInpage.java:31)
	at dsalgo_stepdefinition.DSalgoLoginInpage.the_user_lands_on_ds_algo_dign_in_page(DSalgoLoginInpage.java:123)
	at ✽.The  user land on DS Algo Sign in page(file:///C:/Users/senth/AutomationRepo/Ds-Algo/src/test/resources/features/ABS07_DSalgoLinkedListPage.feature:11)
</pre></div></td>
<td>22</td>
<td>dsalgo_stepdefinition.TestRunner@4b14918a</td></tr>
<tr>
<td title='dsalgo_stepdefinition.TestRunner.runScenario()'><b>runScenario</b><br>Test class: dsalgo_stepdefinition.TestRunner<br>Test method: Runs Cucumber Scenarios<br>Parameters: "The user is able to navigate to Practice Questions in Stack page", "User launch DSAlgo application and test stack page"</td>
<td><div><pre>org.openqa.selenium.NoSuchElementException: no such element: Unable to locate element: {&quot;method&quot;:&quot;xpath&quot;,&quot;selector&quot;:&quot;//a[@href=&quot;/login&quot;]&quot;}
  (Session info: chrome=125.0.6422.77)
For documentation on this error, please visit: https://www.selenium.dev/documentation/webdriver/troubleshooting/errors#no-such-element-exception
Build info: version: &apos;4.19.1&apos;, revision: &apos;abe0ee07dc&apos;
System info: os.name: &apos;Windows 11&apos;, os.arch: &apos;amd64&apos;, os.version: &apos;10.0&apos;, java.version: &apos;17.0.3&apos;
Driver info: org.openqa.selenium.chrome.ChromeDriver
Command: [df16ac723e05547c8a7b0581f1a2ec75, findElement {value=//a[@href=&quot;/login&quot;], using=xpath}]
Capabilities {acceptInsecureCerts: false, browserName: chrome, browserVersion: 125.0.6422.77, chrome: {chromedriverVersion: 125.0.6422.76 (67dcf7562b8f..., userDataDir: C:\Users\senth\AppData\Loca...}, fedcm:accounts: true, goog:chromeOptions: {debuggerAddress: localhost:63015}, networkConnectionEnabled: false, pageLoadStrategy: normal, platformName: windows, proxy: Proxy(), se:cdp: ws://localhost:63015/devtoo..., se:cdpVersion: 125.0.6422.77, setWindowRect: true, strictFileInteractability: false, timeouts: {implicit: 0, pageLoad: 300000, script: 30000}, unhandledPromptBehavior: dismiss and notify, webauthn:extension:credBlob: true, webauthn:extension:largeBlob: true, webauthn:extension:minPinLength: true, webauthn:extension:prf: true, webauthn:virtualAuthenticators: true}
Session ID: df16ac723e05547c8a7b0581f1a2ec75
	at java.base/jdk.internal.reflect.NativeConstructorAccessorImpl.newInstance0(Native Method)
	at java.base/jdk.internal.reflect.NativeConstructorAccessorImpl.newInstance(NativeConstructorAccessorImpl.java:77)
	at java.base/jdk.internal.reflect.DelegatingConstructorAccessorImpl.newInstance(DelegatingConstructorAccessorImpl.java:45)
	at java.base/java.lang.reflect.Constructor.newInstanceWithCaller(Constructor.java:499)
	at java.base/java.lang.reflect.Constructor.newInstance(Constructor.java:480)
	at org.openqa.selenium.remote.ErrorCodec.decode(ErrorCodec.java:167)
	at org.openqa.selenium.remote.codec.w3c.W3CHttpResponseCodec.decode(W3CHttpResponseCodec.java:138)
	at org.openqa.selenium.remote.codec.w3c.W3CHttpResponseCodec.decode(W3CHttpResponseCodec.java:50)
	at org.openqa.selenium.remote.HttpCommandExecutor.execute(HttpCommandExecutor.java:190)
	at org.openqa.selenium.remote.service.DriverCommandExecutor.invokeExecute(DriverCommandExecutor.java:216)
	at org.openqa.selenium.remote.service.DriverCommandExecutor.execute(DriverCommandExecutor.java:174)
	at org.openqa.selenium.remote.RemoteWebDriver.execute(RemoteWebDriver.java:518)
	at org.openqa.selenium.remote.ElementLocation$ElementFinder$2.findElement(ElementLocation.java:165)
	at org.openqa.selenium.remote.ElementLocation.findElement(ElementLocation.java:59)
	at org.openqa.selenium.remote.RemoteWebDriver.findElement(RemoteWebDriver.java:355)
	at org.openqa.selenium.remote.RemoteWebDriver.findElement(RemoteWebDriver.java:349)
	at dsalgoPOM.LoginInpage.clicksign_in(LoginInpage.java:31)
	at dsalgo_stepdefinition.DSalgoLoginInpage.the_user_lands_on_ds_algo_dign_in_page(DSalgoLoginInpage.java:123)
	at ✽.The  user land on DS Algo Sign in page(file:///C:/Users/senth/AutomationRepo/Ds-Algo/src/test/resources/features/ABS08_DSalgoStackPage.feature:9)
</pre></div><a href='#' onClick='toggleBox("stack-trace1048190668", this, "Click to show all stack frames", "Click to hide stack frames")'>Click to show all stack frames</a>
<div class='stack-trace' id='stack-trace1048190668'><pre>org.openqa.selenium.NoSuchElementException: no such element: Unable to locate element: {&quot;method&quot;:&quot;xpath&quot;,&quot;selector&quot;:&quot;//a[@href=&quot;/login&quot;]&quot;}
  (Session info: chrome=125.0.6422.77)
For documentation on this error, please visit: https://www.selenium.dev/documentation/webdriver/troubleshooting/errors#no-such-element-exception
Build info: version: &apos;4.19.1&apos;, revision: &apos;abe0ee07dc&apos;
System info: os.name: &apos;Windows 11&apos;, os.arch: &apos;amd64&apos;, os.version: &apos;10.0&apos;, java.version: &apos;17.0.3&apos;
Driver info: org.openqa.selenium.chrome.ChromeDriver
Command: [df16ac723e05547c8a7b0581f1a2ec75, findElement {value=//a[@href=&quot;/login&quot;], using=xpath}]
Capabilities {acceptInsecureCerts: false, browserName: chrome, browserVersion: 125.0.6422.77, chrome: {chromedriverVersion: 125.0.6422.76 (67dcf7562b8f..., userDataDir: C:\Users\senth\AppData\Loca...}, fedcm:accounts: true, goog:chromeOptions: {debuggerAddress: localhost:63015}, networkConnectionEnabled: false, pageLoadStrategy: normal, platformName: windows, proxy: Proxy(), se:cdp: ws://localhost:63015/devtoo..., se:cdpVersion: 125.0.6422.77, setWindowRect: true, strictFileInteractability: false, timeouts: {implicit: 0, pageLoad: 300000, script: 30000}, unhandledPromptBehavior: dismiss and notify, webauthn:extension:credBlob: true, webauthn:extension:largeBlob: true, webauthn:extension:minPinLength: true, webauthn:extension:prf: true, webauthn:virtualAuthenticators: true}
Session ID: df16ac723e05547c8a7b0581f1a2ec75
	at java.base/jdk.internal.reflect.NativeConstructorAccessorImpl.newInstance0(Native Method)
	at java.base/jdk.internal.reflect.NativeConstructorAccessorImpl.newInstance(NativeConstructorAccessorImpl.java:77)
	at java.base/jdk.internal.reflect.DelegatingConstructorAccessorImpl.newInstance(DelegatingConstructorAccessorImpl.java:45)
	at java.base/java.lang.reflect.Constructor.newInstanceWithCaller(Constructor.java:499)
	at java.base/java.lang.reflect.Constructor.newInstance(Constructor.java:480)
	at org.openqa.selenium.remote.ErrorCodec.decode(ErrorCodec.java:167)
	at org.openqa.selenium.remote.codec.w3c.W3CHttpResponseCodec.decode(W3CHttpResponseCodec.java:138)
	at org.openqa.selenium.remote.codec.w3c.W3CHttpResponseCodec.decode(W3CHttpResponseCodec.java:50)
	at org.openqa.selenium.remote.HttpCommandExecutor.execute(HttpCommandExecutor.java:190)
	at org.openqa.selenium.remote.service.DriverCommandExecutor.invokeExecute(DriverCommandExecutor.java:216)
	at org.openqa.selenium.remote.service.DriverCommandExecutor.execute(DriverCommandExecutor.java:174)
	at org.openqa.selenium.remote.RemoteWebDriver.execute(RemoteWebDriver.java:518)
	at org.openqa.selenium.remote.ElementLocation$ElementFinder$2.findElement(ElementLocation.java:165)
	at org.openqa.selenium.remote.ElementLocation.findElement(ElementLocation.java:59)
	at org.openqa.selenium.remote.RemoteWebDriver.findElement(RemoteWebDriver.java:355)
	at org.openqa.selenium.remote.RemoteWebDriver.findElement(RemoteWebDriver.java:349)
	at dsalgoPOM.LoginInpage.clicksign_in(LoginInpage.java:31)
	at dsalgo_stepdefinition.DSalgoLoginInpage.the_user_lands_on_ds_algo_dign_in_page(DSalgoLoginInpage.java:123)
	at ✽.The  user land on DS Algo Sign in page(file:///C:/Users/senth/AutomationRepo/Ds-Algo/src/test/resources/features/ABS08_DSalgoStackPage.feature:9)
</pre></div></td>
<td>22</td>
<td>dsalgo_stepdefinition.TestRunner@4b14918a</td></tr>
<tr>
<td title='dsalgo_stepdefinition.TestRunner.runScenario()'><b>runScenario</b><br>Test class: dsalgo_stepdefinition.TestRunner<br>Test method: Runs Cucumber Scenarios<br>Parameters: "The user is able to navigate to Applications in Stack page", "User launch DSAlgo application and test stack page"</td>
<td><div><pre>org.openqa.selenium.NoSuchElementException: no such element: Unable to locate element: {&quot;method&quot;:&quot;xpath&quot;,&quot;selector&quot;:&quot;//a[@href=&quot;/login&quot;]&quot;}
  (Session info: chrome=125.0.6422.77)
For documentation on this error, please visit: https://www.selenium.dev/documentation/webdriver/troubleshooting/errors#no-such-element-exception
Build info: version: &apos;4.19.1&apos;, revision: &apos;abe0ee07dc&apos;
System info: os.name: &apos;Windows 11&apos;, os.arch: &apos;amd64&apos;, os.version: &apos;10.0&apos;, java.version: &apos;17.0.3&apos;
Driver info: org.openqa.selenium.chrome.ChromeDriver
Command: [345e99652732cde3e8b2415180d89a7a, findElement {value=//a[@href=&quot;/login&quot;], using=xpath}]
Capabilities {acceptInsecureCerts: false, browserName: chrome, browserVersion: 125.0.6422.77, chrome: {chromedriverVersion: 125.0.6422.76 (67dcf7562b8f..., userDataDir: C:\Users\senth\AppData\Loca...}, fedcm:accounts: true, goog:chromeOptions: {debuggerAddress: localhost:63039}, networkConnectionEnabled: false, pageLoadStrategy: normal, platformName: windows, proxy: Proxy(), se:cdp: ws://localhost:63039/devtoo..., se:cdpVersion: 125.0.6422.77, setWindowRect: true, strictFileInteractability: false, timeouts: {implicit: 0, pageLoad: 300000, script: 30000}, unhandledPromptBehavior: dismiss and notify, webauthn:extension:credBlob: true, webauthn:extension:largeBlob: true, webauthn:extension:minPinLength: true, webauthn:extension:prf: true, webauthn:virtualAuthenticators: true}
Session ID: 345e99652732cde3e8b2415180d89a7a
	at java.base/jdk.internal.reflect.NativeConstructorAccessorImpl.newInstance0(Native Method)
	at java.base/jdk.internal.reflect.NativeConstructorAccessorImpl.newInstance(NativeConstructorAccessorImpl.java:77)
	at java.base/jdk.internal.reflect.DelegatingConstructorAccessorImpl.newInstance(DelegatingConstructorAccessorImpl.java:45)
	at java.base/java.lang.reflect.Constructor.newInstanceWithCaller(Constructor.java:499)
	at java.base/java.lang.reflect.Constructor.newInstance(Constructor.java:480)
	at org.openqa.selenium.remote.ErrorCodec.decode(ErrorCodec.java:167)
	at org.openqa.selenium.remote.codec.w3c.W3CHttpResponseCodec.decode(W3CHttpResponseCodec.java:138)
	at org.openqa.selenium.remote.codec.w3c.W3CHttpResponseCodec.decode(W3CHttpResponseCodec.java:50)
	at org.openqa.selenium.remote.HttpCommandExecutor.execute(HttpCommandExecutor.java:190)
	at org.openqa.selenium.remote.service.DriverCommandExecutor.invokeExecute(DriverCommandExecutor.java:216)
	at org.openqa.selenium.remote.service.DriverCommandExecutor.execute(DriverCommandExecutor.java:174)
	at org.openqa.selenium.remote.RemoteWebDriver.execute(RemoteWebDriver.java:518)
	at org.openqa.selenium.remote.ElementLocation$ElementFinder$2.findElement(ElementLocation.java:165)
	at org.openqa.selenium.remote.ElementLocation.findElement(ElementLocation.java:59)
	at org.openqa.selenium.remote.RemoteWebDriver.findElement(RemoteWebDriver.java:355)
	at org.openqa.selenium.remote.RemoteWebDriver.findElement(RemoteWebDriver.java:349)
	at dsalgoPOM.LoginInpage.clicksign_in(LoginInpage.java:31)
	at dsalgo_stepdefinition.DSalgoLoginInpage.the_user_lands_on_ds_algo_dign_in_page(DSalgoLoginInpage.java:123)
	at ✽.The  user land on DS Algo Sign in page(file:///C:/Users/senth/AutomationRepo/Ds-Algo/src/test/resources/features/ABS08_DSalgoStackPage.feature:9)
</pre></div><a href='#' onClick='toggleBox("stack-trace994064823", this, "Click to show all stack frames", "Click to hide stack frames")'>Click to show all stack frames</a>
<div class='stack-trace' id='stack-trace994064823'><pre>org.openqa.selenium.NoSuchElementException: no such element: Unable to locate element: {&quot;method&quot;:&quot;xpath&quot;,&quot;selector&quot;:&quot;//a[@href=&quot;/login&quot;]&quot;}
  (Session info: chrome=125.0.6422.77)
For documentation on this error, please visit: https://www.selenium.dev/documentation/webdriver/troubleshooting/errors#no-such-element-exception
Build info: version: &apos;4.19.1&apos;, revision: &apos;abe0ee07dc&apos;
System info: os.name: &apos;Windows 11&apos;, os.arch: &apos;amd64&apos;, os.version: &apos;10.0&apos;, java.version: &apos;17.0.3&apos;
Driver info: org.openqa.selenium.chrome.ChromeDriver
Command: [345e99652732cde3e8b2415180d89a7a, findElement {value=//a[@href=&quot;/login&quot;], using=xpath}]
Capabilities {acceptInsecureCerts: false, browserName: chrome, browserVersion: 125.0.6422.77, chrome: {chromedriverVersion: 125.0.6422.76 (67dcf7562b8f..., userDataDir: C:\Users\senth\AppData\Loca...}, fedcm:accounts: true, goog:chromeOptions: {debuggerAddress: localhost:63039}, networkConnectionEnabled: false, pageLoadStrategy: normal, platformName: windows, proxy: Proxy(), se:cdp: ws://localhost:63039/devtoo..., se:cdpVersion: 125.0.6422.77, setWindowRect: true, strictFileInteractability: false, timeouts: {implicit: 0, pageLoad: 300000, script: 30000}, unhandledPromptBehavior: dismiss and notify, webauthn:extension:credBlob: true, webauthn:extension:largeBlob: true, webauthn:extension:minPinLength: true, webauthn:extension:prf: true, webauthn:virtualAuthenticators: true}
Session ID: 345e99652732cde3e8b2415180d89a7a
	at java.base/jdk.internal.reflect.NativeConstructorAccessorImpl.newInstance0(Native Method)
	at java.base/jdk.internal.reflect.NativeConstructorAccessorImpl.newInstance(NativeConstructorAccessorImpl.java:77)
	at java.base/jdk.internal.reflect.DelegatingConstructorAccessorImpl.newInstance(DelegatingConstructorAccessorImpl.java:45)
	at java.base/java.lang.reflect.Constructor.newInstanceWithCaller(Constructor.java:499)
	at java.base/java.lang.reflect.Constructor.newInstance(Constructor.java:480)
	at org.openqa.selenium.remote.ErrorCodec.decode(ErrorCodec.java:167)
	at org.openqa.selenium.remote.codec.w3c.W3CHttpResponseCodec.decode(W3CHttpResponseCodec.java:138)
	at org.openqa.selenium.remote.codec.w3c.W3CHttpResponseCodec.decode(W3CHttpResponseCodec.java:50)
	at org.openqa.selenium.remote.HttpCommandExecutor.execute(HttpCommandExecutor.java:190)
	at org.openqa.selenium.remote.service.DriverCommandExecutor.invokeExecute(DriverCommandExecutor.java:216)
	at org.openqa.selenium.remote.service.DriverCommandExecutor.execute(DriverCommandExecutor.java:174)
	at org.openqa.selenium.remote.RemoteWebDriver.execute(RemoteWebDriver.java:518)
	at org.openqa.selenium.remote.ElementLocation$ElementFinder$2.findElement(ElementLocation.java:165)
	at org.openqa.selenium.remote.ElementLocation.findElement(ElementLocation.java:59)
	at org.openqa.selenium.remote.RemoteWebDriver.findElement(RemoteWebDriver.java:355)
	at org.openqa.selenium.remote.RemoteWebDriver.findElement(RemoteWebDriver.java:349)
	at dsalgoPOM.LoginInpage.clicksign_in(LoginInpage.java:31)
	at dsalgo_stepdefinition.DSalgoLoginInpage.the_user_lands_on_ds_algo_dign_in_page(DSalgoLoginInpage.java:123)
	at ✽.The  user land on DS Algo Sign in page(file:///C:/Users/senth/AutomationRepo/Ds-Algo/src/test/resources/features/ABS08_DSalgoStackPage.feature:9)
</pre></div></td>
<td>21</td>
<td>dsalgo_stepdefinition.TestRunner@4b14918a</td></tr>
<tr>
<td title='dsalgo_stepdefinition.TestRunner.runScenario()'><b>runScenario</b><br>Test class: dsalgo_stepdefinition.TestRunner<br>Test method: Runs Cucumber Scenarios<br>Parameters: "validating Insertion Page", "DSalgo LinkedlistPage"</td>
<td><div><pre>org.openqa.selenium.NoSuchElementException: no such element: Unable to locate element: {&quot;method&quot;:&quot;xpath&quot;,&quot;selector&quot;:&quot;//a[@href=&quot;/login&quot;]&quot;}
  (Session info: chrome=125.0.6422.77)
For documentation on this error, please visit: https://www.selenium.dev/documentation/webdriver/troubleshooting/errors#no-such-element-exception
Build info: version: &apos;4.19.1&apos;, revision: &apos;abe0ee07dc&apos;
System info: os.name: &apos;Windows 11&apos;, os.arch: &apos;amd64&apos;, os.version: &apos;10.0&apos;, java.version: &apos;17.0.3&apos;
Driver info: org.openqa.selenium.chrome.ChromeDriver
Command: [345e99652732cde3e8b2415180d89a7a, findElement {value=//a[@href=&quot;/login&quot;], using=xpath}]
Capabilities {acceptInsecureCerts: false, browserName: chrome, browserVersion: 125.0.6422.77, chrome: {chromedriverVersion: 125.0.6422.76 (67dcf7562b8f..., userDataDir: C:\Users\senth\AppData\Loca...}, fedcm:accounts: true, goog:chromeOptions: {debuggerAddress: localhost:63039}, networkConnectionEnabled: false, pageLoadStrategy: normal, platformName: windows, proxy: Proxy(), se:cdp: ws://localhost:63039/devtoo..., se:cdpVersion: 125.0.6422.77, setWindowRect: true, strictFileInteractability: false, timeouts: {implicit: 0, pageLoad: 300000, script: 30000}, unhandledPromptBehavior: dismiss and notify, webauthn:extension:credBlob: true, webauthn:extension:largeBlob: true, webauthn:extension:minPinLength: true, webauthn:extension:prf: true, webauthn:virtualAuthenticators: true}
Session ID: 345e99652732cde3e8b2415180d89a7a
	at java.base/jdk.internal.reflect.NativeConstructorAccessorImpl.newInstance0(Native Method)
	at java.base/jdk.internal.reflect.NativeConstructorAccessorImpl.newInstance(NativeConstructorAccessorImpl.java:77)
	at java.base/jdk.internal.reflect.DelegatingConstructorAccessorImpl.newInstance(DelegatingConstructorAccessorImpl.java:45)
	at java.base/java.lang.reflect.Constructor.newInstanceWithCaller(Constructor.java:499)
	at java.base/java.lang.reflect.Constructor.newInstance(Constructor.java:480)
	at org.openqa.selenium.remote.ErrorCodec.decode(ErrorCodec.java:167)
	at org.openqa.selenium.remote.codec.w3c.W3CHttpResponseCodec.decode(W3CHttpResponseCodec.java:138)
	at org.openqa.selenium.remote.codec.w3c.W3CHttpResponseCodec.decode(W3CHttpResponseCodec.java:50)
	at org.openqa.selenium.remote.HttpCommandExecutor.execute(HttpCommandExecutor.java:190)
	at org.openqa.selenium.remote.service.DriverCommandExecutor.invokeExecute(DriverCommandExecutor.java:216)
	at org.openqa.selenium.remote.service.DriverCommandExecutor.execute(DriverCommandExecutor.java:174)
	at org.openqa.selenium.remote.RemoteWebDriver.execute(RemoteWebDriver.java:518)
	at org.openqa.selenium.remote.ElementLocation$ElementFinder$2.findElement(ElementLocation.java:165)
	at org.openqa.selenium.remote.ElementLocation.findElement(ElementLocation.java:59)
	at org.openqa.selenium.remote.RemoteWebDriver.findElement(RemoteWebDriver.java:355)
	at org.openqa.selenium.remote.RemoteWebDriver.findElement(RemoteWebDriver.java:349)
	at dsalgoPOM.LoginInpage.clicksign_in(LoginInpage.java:31)
	at dsalgo_stepdefinition.DSalgoLoginInpage.the_user_lands_on_ds_algo_dign_in_page(DSalgoLoginInpage.java:123)
	at ✽.The  user land on DS Algo Sign in page(file:///C:/Users/senth/AutomationRepo/Ds-Algo/src/test/resources/features/ABS07_DSalgoLinkedListPage.feature:11)
</pre></div><a href='#' onClick='toggleBox("stack-trace858701398", this, "Click to show all stack frames", "Click to hide stack frames")'>Click to show all stack frames</a>
<div class='stack-trace' id='stack-trace858701398'><pre>org.openqa.selenium.NoSuchElementException: no such element: Unable to locate element: {&quot;method&quot;:&quot;xpath&quot;,&quot;selector&quot;:&quot;//a[@href=&quot;/login&quot;]&quot;}
  (Session info: chrome=125.0.6422.77)
For documentation on this error, please visit: https://www.selenium.dev/documentation/webdriver/troubleshooting/errors#no-such-element-exception
Build info: version: &apos;4.19.1&apos;, revision: &apos;abe0ee07dc&apos;
System info: os.name: &apos;Windows 11&apos;, os.arch: &apos;amd64&apos;, os.version: &apos;10.0&apos;, java.version: &apos;17.0.3&apos;
Driver info: org.openqa.selenium.chrome.ChromeDriver
Command: [345e99652732cde3e8b2415180d89a7a, findElement {value=//a[@href=&quot;/login&quot;], using=xpath}]
Capabilities {acceptInsecureCerts: false, browserName: chrome, browserVersion: 125.0.6422.77, chrome: {chromedriverVersion: 125.0.6422.76 (67dcf7562b8f..., userDataDir: C:\Users\senth\AppData\Loca...}, fedcm:accounts: true, goog:chromeOptions: {debuggerAddress: localhost:63039}, networkConnectionEnabled: false, pageLoadStrategy: normal, platformName: windows, proxy: Proxy(), se:cdp: ws://localhost:63039/devtoo..., se:cdpVersion: 125.0.6422.77, setWindowRect: true, strictFileInteractability: false, timeouts: {implicit: 0, pageLoad: 300000, script: 30000}, unhandledPromptBehavior: dismiss and notify, webauthn:extension:credBlob: true, webauthn:extension:largeBlob: true, webauthn:extension:minPinLength: true, webauthn:extension:prf: true, webauthn:virtualAuthenticators: true}
Session ID: 345e99652732cde3e8b2415180d89a7a
	at java.base/jdk.internal.reflect.NativeConstructorAccessorImpl.newInstance0(Native Method)
	at java.base/jdk.internal.reflect.NativeConstructorAccessorImpl.newInstance(NativeConstructorAccessorImpl.java:77)
	at java.base/jdk.internal.reflect.DelegatingConstructorAccessorImpl.newInstance(DelegatingConstructorAccessorImpl.java:45)
	at java.base/java.lang.reflect.Constructor.newInstanceWithCaller(Constructor.java:499)
	at java.base/java.lang.reflect.Constructor.newInstance(Constructor.java:480)
	at org.openqa.selenium.remote.ErrorCodec.decode(ErrorCodec.java:167)
	at org.openqa.selenium.remote.codec.w3c.W3CHttpResponseCodec.decode(W3CHttpResponseCodec.java:138)
	at org.openqa.selenium.remote.codec.w3c.W3CHttpResponseCodec.decode(W3CHttpResponseCodec.java:50)
	at org.openqa.selenium.remote.HttpCommandExecutor.execute(HttpCommandExecutor.java:190)
	at org.openqa.selenium.remote.service.DriverCommandExecutor.invokeExecute(DriverCommandExecutor.java:216)
	at org.openqa.selenium.remote.service.DriverCommandExecutor.execute(DriverCommandExecutor.java:174)
	at org.openqa.selenium.remote.RemoteWebDriver.execute(RemoteWebDriver.java:518)
	at org.openqa.selenium.remote.ElementLocation$ElementFinder$2.findElement(ElementLocation.java:165)
	at org.openqa.selenium.remote.ElementLocation.findElement(ElementLocation.java:59)
	at org.openqa.selenium.remote.RemoteWebDriver.findElement(RemoteWebDriver.java:355)
	at org.openqa.selenium.remote.RemoteWebDriver.findElement(RemoteWebDriver.java:349)
	at dsalgoPOM.LoginInpage.clicksign_in(LoginInpage.java:31)
	at dsalgo_stepdefinition.DSalgoLoginInpage.the_user_lands_on_ds_algo_dign_in_page(DSalgoLoginInpage.java:123)
	at ✽.The  user land on DS Algo Sign in page(file:///C:/Users/senth/AutomationRepo/Ds-Algo/src/test/resources/features/ABS07_DSalgoLinkedListPage.feature:11)
</pre></div></td>
<td>22</td>
<td>dsalgo_stepdefinition.TestRunner@4b14918a</td></tr>
<tr>
<td title='dsalgo_stepdefinition.TestRunner.runScenario()'><b>runScenario</b><br>Test class: dsalgo_stepdefinition.TestRunner<br>Test method: Runs Cucumber Scenarios<br>Parameters: "The user is able to see the output in console with proper python code", "User launch DSAlgo application and Test Queue page"</td>
<td><div><pre>org.openqa.selenium.NoSuchElementException: no such element: Unable to locate element: {&quot;method&quot;:&quot;xpath&quot;,&quot;selector&quot;:&quot;//a[@href=&quot;/login&quot;]&quot;}
  (Session info: chrome=125.0.6422.77)
For documentation on this error, please visit: https://www.selenium.dev/documentation/webdriver/troubleshooting/errors#no-such-element-exception
Build info: version: &apos;4.19.1&apos;, revision: &apos;abe0ee07dc&apos;
System info: os.name: &apos;Windows 11&apos;, os.arch: &apos;amd64&apos;, os.version: &apos;10.0&apos;, java.version: &apos;17.0.3&apos;
Driver info: org.openqa.selenium.chrome.ChromeDriver
Command: [67ce3a1fd6a5141d2f32af9e4658b739, findElement {value=//a[@href=&quot;/login&quot;], using=xpath}]
Capabilities {acceptInsecureCerts: false, browserName: chrome, browserVersion: 125.0.6422.77, chrome: {chromedriverVersion: 125.0.6422.76 (67dcf7562b8f..., userDataDir: C:\Users\senth\AppData\Loca...}, fedcm:accounts: true, goog:chromeOptions: {debuggerAddress: localhost:63026}, networkConnectionEnabled: false, pageLoadStrategy: normal, platformName: windows, proxy: Proxy(), se:cdp: ws://localhost:63026/devtoo..., se:cdpVersion: 125.0.6422.77, setWindowRect: true, strictFileInteractability: false, timeouts: {implicit: 0, pageLoad: 300000, script: 30000}, unhandledPromptBehavior: dismiss and notify, webauthn:extension:credBlob: true, webauthn:extension:largeBlob: true, webauthn:extension:minPinLength: true, webauthn:extension:prf: true, webauthn:virtualAuthenticators: true}
Session ID: 67ce3a1fd6a5141d2f32af9e4658b739
	at java.base/jdk.internal.reflect.NativeConstructorAccessorImpl.newInstance0(Native Method)
	at java.base/jdk.internal.reflect.NativeConstructorAccessorImpl.newInstance(NativeConstructorAccessorImpl.java:77)
	at java.base/jdk.internal.reflect.DelegatingConstructorAccessorImpl.newInstance(DelegatingConstructorAccessorImpl.java:45)
	at java.base/java.lang.reflect.Constructor.newInstanceWithCaller(Constructor.java:499)
	at java.base/java.lang.reflect.Constructor.newInstance(Constructor.java:480)
	at org.openqa.selenium.remote.ErrorCodec.decode(ErrorCodec.java:167)
	at org.openqa.selenium.remote.codec.w3c.W3CHttpResponseCodec.decode(W3CHttpResponseCodec.java:138)
	at org.openqa.selenium.remote.codec.w3c.W3CHttpResponseCodec.decode(W3CHttpResponseCodec.java:50)
	at org.openqa.selenium.remote.HttpCommandExecutor.execute(HttpCommandExecutor.java:190)
	at org.openqa.selenium.remote.service.DriverCommandExecutor.invokeExecute(DriverCommandExecutor.java:216)
	at org.openqa.selenium.remote.service.DriverCommandExecutor.execute(DriverCommandExecutor.java:174)
	at org.openqa.selenium.remote.RemoteWebDriver.execute(RemoteWebDriver.java:518)
	at org.openqa.selenium.remote.ElementLocation$ElementFinder$2.findElement(ElementLocation.java:165)
	at org.openqa.selenium.remote.ElementLocation.findElement(ElementLocation.java:59)
	at org.openqa.selenium.remote.RemoteWebDriver.findElement(RemoteWebDriver.java:355)
	at org.openqa.selenium.remote.RemoteWebDriver.findElement(RemoteWebDriver.java:349)
	at dsalgoPOM.LoginInpage.clicksign_in(LoginInpage.java:31)
	at dsalgo_stepdefinition.DSalgoLoginInpage.the_user_lands_on_ds_algo_dign_in_page(DSalgoLoginInpage.java:123)
	at ✽.The  user land on DS Algo Sign in page(file:///C:/Users/senth/AutomationRepo/Ds-Algo/src/test/resources/features/ABS09_DSalgoQueuePage.feature:9)
</pre></div><a href='#' onClick='toggleBox("stack-trace432453789", this, "Click to show all stack frames", "Click to hide stack frames")'>Click to show all stack frames</a>
<div class='stack-trace' id='stack-trace432453789'><pre>org.openqa.selenium.NoSuchElementException: no such element: Unable to locate element: {&quot;method&quot;:&quot;xpath&quot;,&quot;selector&quot;:&quot;//a[@href=&quot;/login&quot;]&quot;}
  (Session info: chrome=125.0.6422.77)
For documentation on this error, please visit: https://www.selenium.dev/documentation/webdriver/troubleshooting/errors#no-such-element-exception
Build info: version: &apos;4.19.1&apos;, revision: &apos;abe0ee07dc&apos;
System info: os.name: &apos;Windows 11&apos;, os.arch: &apos;amd64&apos;, os.version: &apos;10.0&apos;, java.version: &apos;17.0.3&apos;
Driver info: org.openqa.selenium.chrome.ChromeDriver
Command: [67ce3a1fd6a5141d2f32af9e4658b739, findElement {value=//a[@href=&quot;/login&quot;], using=xpath}]
Capabilities {acceptInsecureCerts: false, browserName: chrome, browserVersion: 125.0.6422.77, chrome: {chromedriverVersion: 125.0.6422.76 (67dcf7562b8f..., userDataDir: C:\Users\senth\AppData\Loca...}, fedcm:accounts: true, goog:chromeOptions: {debuggerAddress: localhost:63026}, networkConnectionEnabled: false, pageLoadStrategy: normal, platformName: windows, proxy: Proxy(), se:cdp: ws://localhost:63026/devtoo..., se:cdpVersion: 125.0.6422.77, setWindowRect: true, strictFileInteractability: false, timeouts: {implicit: 0, pageLoad: 300000, script: 30000}, unhandledPromptBehavior: dismiss and notify, webauthn:extension:credBlob: true, webauthn:extension:largeBlob: true, webauthn:extension:minPinLength: true, webauthn:extension:prf: true, webauthn:virtualAuthenticators: true}
Session ID: 67ce3a1fd6a5141d2f32af9e4658b739
	at java.base/jdk.internal.reflect.NativeConstructorAccessorImpl.newInstance0(Native Method)
	at java.base/jdk.internal.reflect.NativeConstructorAccessorImpl.newInstance(NativeConstructorAccessorImpl.java:77)
	at java.base/jdk.internal.reflect.DelegatingConstructorAccessorImpl.newInstance(DelegatingConstructorAccessorImpl.java:45)
	at java.base/java.lang.reflect.Constructor.newInstanceWithCaller(Constructor.java:499)
	at java.base/java.lang.reflect.Constructor.newInstance(Constructor.java:480)
	at org.openqa.selenium.remote.ErrorCodec.decode(ErrorCodec.java:167)
	at org.openqa.selenium.remote.codec.w3c.W3CHttpResponseCodec.decode(W3CHttpResponseCodec.java:138)
	at org.openqa.selenium.remote.codec.w3c.W3CHttpResponseCodec.decode(W3CHttpResponseCodec.java:50)
	at org.openqa.selenium.remote.HttpCommandExecutor.execute(HttpCommandExecutor.java:190)
	at org.openqa.selenium.remote.service.DriverCommandExecutor.invokeExecute(DriverCommandExecutor.java:216)
	at org.openqa.selenium.remote.service.DriverCommandExecutor.execute(DriverCommandExecutor.java:174)
	at org.openqa.selenium.remote.RemoteWebDriver.execute(RemoteWebDriver.java:518)
	at org.openqa.selenium.remote.ElementLocation$ElementFinder$2.findElement(ElementLocation.java:165)
	at org.openqa.selenium.remote.ElementLocation.findElement(ElementLocation.java:59)
	at org.openqa.selenium.remote.RemoteWebDriver.findElement(RemoteWebDriver.java:355)
	at org.openqa.selenium.remote.RemoteWebDriver.findElement(RemoteWebDriver.java:349)
	at dsalgoPOM.LoginInpage.clicksign_in(LoginInpage.java:31)
	at dsalgo_stepdefinition.DSalgoLoginInpage.the_user_lands_on_ds_algo_dign_in_page(DSalgoLoginInpage.java:123)
	at ✽.The  user land on DS Algo Sign in page(file:///C:/Users/senth/AutomationRepo/Ds-Algo/src/test/resources/features/ABS09_DSalgoQueuePage.feature:9)
</pre></div></td>
<td>22</td>
<td>dsalgo_stepdefinition.TestRunner@4b14918a</td></tr>
<tr>
<td title='dsalgo_stepdefinition.TestRunner.runScenario()'><b>runScenario</b><br>Test class: dsalgo_stepdefinition.TestRunner<br>Test method: Runs Cucumber Scenarios<br>Parameters: "validating treePage", "DSalgo treePage"</td>
<td><div><pre>org.openqa.selenium.NoSuchElementException: no such element: Unable to locate element: {&quot;method&quot;:&quot;xpath&quot;,&quot;selector&quot;:&quot;//a[@href=&quot;/login&quot;]&quot;}
  (Session info: chrome=125.0.6422.77)
For documentation on this error, please visit: https://www.selenium.dev/documentation/webdriver/troubleshooting/errors#no-such-element-exception
Build info: version: &apos;4.19.1&apos;, revision: &apos;abe0ee07dc&apos;
System info: os.name: &apos;Windows 11&apos;, os.arch: &apos;amd64&apos;, os.version: &apos;10.0&apos;, java.version: &apos;17.0.3&apos;
Driver info: org.openqa.selenium.chrome.ChromeDriver
Command: [6ba6a559bf912d102ff7402b41cd431c, findElement {value=//a[@href=&quot;/login&quot;], using=xpath}]
Capabilities {acceptInsecureCerts: false, browserName: chrome, browserVersion: 125.0.6422.77, chrome: {chromedriverVersion: 125.0.6422.76 (67dcf7562b8f..., userDataDir: C:\Users\senth\AppData\Loca...}, fedcm:accounts: true, goog:chromeOptions: {debuggerAddress: localhost:63098}, networkConnectionEnabled: false, pageLoadStrategy: normal, platformName: windows, proxy: Proxy(), se:cdp: ws://localhost:63098/devtoo..., se:cdpVersion: 125.0.6422.77, setWindowRect: true, strictFileInteractability: false, timeouts: {implicit: 0, pageLoad: 300000, script: 30000}, unhandledPromptBehavior: dismiss and notify, webauthn:extension:credBlob: true, webauthn:extension:largeBlob: true, webauthn:extension:minPinLength: true, webauthn:extension:prf: true, webauthn:virtualAuthenticators: true}
Session ID: 6ba6a559bf912d102ff7402b41cd431c
	at java.base/jdk.internal.reflect.NativeConstructorAccessorImpl.newInstance0(Native Method)
	at java.base/jdk.internal.reflect.NativeConstructorAccessorImpl.newInstance(NativeConstructorAccessorImpl.java:77)
	at java.base/jdk.internal.reflect.DelegatingConstructorAccessorImpl.newInstance(DelegatingConstructorAccessorImpl.java:45)
	at java.base/java.lang.reflect.Constructor.newInstanceWithCaller(Constructor.java:499)
	at java.base/java.lang.reflect.Constructor.newInstance(Constructor.java:480)
	at org.openqa.selenium.remote.ErrorCodec.decode(ErrorCodec.java:167)
	at org.openqa.selenium.remote.codec.w3c.W3CHttpResponseCodec.decode(W3CHttpResponseCodec.java:138)
	at org.openqa.selenium.remote.codec.w3c.W3CHttpResponseCodec.decode(W3CHttpResponseCodec.java:50)
	at org.openqa.selenium.remote.HttpCommandExecutor.execute(HttpCommandExecutor.java:190)
	at org.openqa.selenium.remote.service.DriverCommandExecutor.invokeExecute(DriverCommandExecutor.java:216)
	at org.openqa.selenium.remote.service.DriverCommandExecutor.execute(DriverCommandExecutor.java:174)
	at org.openqa.selenium.remote.RemoteWebDriver.execute(RemoteWebDriver.java:518)
	at org.openqa.selenium.remote.ElementLocation$ElementFinder$2.findElement(ElementLocation.java:165)
	at org.openqa.selenium.remote.ElementLocation.findElement(ElementLocation.java:59)
	at org.openqa.selenium.remote.RemoteWebDriver.findElement(RemoteWebDriver.java:355)
	at org.openqa.selenium.remote.RemoteWebDriver.findElement(RemoteWebDriver.java:349)
	at dsalgoPOM.LoginInpage.clicksign_in(LoginInpage.java:31)
	at dsalgo_stepdefinition.DSalgoLoginInpage.the_user_lands_on_ds_algo_dign_in_page(DSalgoLoginInpage.java:123)
	at ✽.The  user land on DS Algo Sign in page(file:///C:/Users/senth/AutomationRepo/Ds-Algo/src/test/resources/features/ABS10_DSalgoTreePage.feature:10)
</pre></div><a href='#' onClick='toggleBox("stack-trace1379539685", this, "Click to show all stack frames", "Click to hide stack frames")'>Click to show all stack frames</a>
<div class='stack-trace' id='stack-trace1379539685'><pre>org.openqa.selenium.NoSuchElementException: no such element: Unable to locate element: {&quot;method&quot;:&quot;xpath&quot;,&quot;selector&quot;:&quot;//a[@href=&quot;/login&quot;]&quot;}
  (Session info: chrome=125.0.6422.77)
For documentation on this error, please visit: https://www.selenium.dev/documentation/webdriver/troubleshooting/errors#no-such-element-exception
Build info: version: &apos;4.19.1&apos;, revision: &apos;abe0ee07dc&apos;
System info: os.name: &apos;Windows 11&apos;, os.arch: &apos;amd64&apos;, os.version: &apos;10.0&apos;, java.version: &apos;17.0.3&apos;
Driver info: org.openqa.selenium.chrome.ChromeDriver
Command: [6ba6a559bf912d102ff7402b41cd431c, findElement {value=//a[@href=&quot;/login&quot;], using=xpath}]
Capabilities {acceptInsecureCerts: false, browserName: chrome, browserVersion: 125.0.6422.77, chrome: {chromedriverVersion: 125.0.6422.76 (67dcf7562b8f..., userDataDir: C:\Users\senth\AppData\Loca...}, fedcm:accounts: true, goog:chromeOptions: {debuggerAddress: localhost:63098}, networkConnectionEnabled: false, pageLoadStrategy: normal, platformName: windows, proxy: Proxy(), se:cdp: ws://localhost:63098/devtoo..., se:cdpVersion: 125.0.6422.77, setWindowRect: true, strictFileInteractability: false, timeouts: {implicit: 0, pageLoad: 300000, script: 30000}, unhandledPromptBehavior: dismiss and notify, webauthn:extension:credBlob: true, webauthn:extension:largeBlob: true, webauthn:extension:minPinLength: true, webauthn:extension:prf: true, webauthn:virtualAuthenticators: true}
Session ID: 6ba6a559bf912d102ff7402b41cd431c
	at java.base/jdk.internal.reflect.NativeConstructorAccessorImpl.newInstance0(Native Method)
	at java.base/jdk.internal.reflect.NativeConstructorAccessorImpl.newInstance(NativeConstructorAccessorImpl.java:77)
	at java.base/jdk.internal.reflect.DelegatingConstructorAccessorImpl.newInstance(DelegatingConstructorAccessorImpl.java:45)
	at java.base/java.lang.reflect.Constructor.newInstanceWithCaller(Constructor.java:499)
	at java.base/java.lang.reflect.Constructor.newInstance(Constructor.java:480)
	at org.openqa.selenium.remote.ErrorCodec.decode(ErrorCodec.java:167)
	at org.openqa.selenium.remote.codec.w3c.W3CHttpResponseCodec.decode(W3CHttpResponseCodec.java:138)
	at org.openqa.selenium.remote.codec.w3c.W3CHttpResponseCodec.decode(W3CHttpResponseCodec.java:50)
	at org.openqa.selenium.remote.HttpCommandExecutor.execute(HttpCommandExecutor.java:190)
	at org.openqa.selenium.remote.service.DriverCommandExecutor.invokeExecute(DriverCommandExecutor.java:216)
	at org.openqa.selenium.remote.service.DriverCommandExecutor.execute(DriverCommandExecutor.java:174)
	at org.openqa.selenium.remote.RemoteWebDriver.execute(RemoteWebDriver.java:518)
	at org.openqa.selenium.remote.ElementLocation$ElementFinder$2.findElement(ElementLocation.java:165)
	at org.openqa.selenium.remote.ElementLocation.findElement(ElementLocation.java:59)
	at org.openqa.selenium.remote.RemoteWebDriver.findElement(RemoteWebDriver.java:355)
	at org.openqa.selenium.remote.RemoteWebDriver.findElement(RemoteWebDriver.java:349)
	at dsalgoPOM.LoginInpage.clicksign_in(LoginInpage.java:31)
	at dsalgo_stepdefinition.DSalgoLoginInpage.the_user_lands_on_ds_algo_dign_in_page(DSalgoLoginInpage.java:123)
	at ✽.The  user land on DS Algo Sign in page(file:///C:/Users/senth/AutomationRepo/Ds-Algo/src/test/resources/features/ABS10_DSalgoTreePage.feature:10)
</pre></div></td>
<td>22</td>
<td>dsalgo_stepdefinition.TestRunner@4b14918a</td></tr>
</table><p>
<table width='100%' border='1' class='invocation-passed'>
<tr><td colspan='4' align='center'><b>PASSED TESTS</b></td></tr>
<tr><td><b>Test method</b></td>
<td><b>Attribute(s)</b></td>
<td width="30%"><b>Exception</b></td>
<td width="10%"><b>Time (seconds)</b></td>
<td><b>Instance</b></td>
</tr>
<tr>
<td title='dsalgo_stepdefinition.TestRunner.runScenario()'><b>runScenario</b><br>Test class: dsalgo_stepdefinition.TestRunner<br>Test method: Runs Cucumber Scenarios<br>Parameters: "The user is able to naviagte to Stack page", "User launch DSAlgo application and test stack page"</td>
<td></td>
<td>22</td>
<td>dsalgo_stepdefinition.TestRunner@4b14918a</td></tr>
<tr>
<td title='dsalgo_stepdefinition.TestRunner.runScenario()'><b>runScenario</b><br>Test class: dsalgo_stepdefinition.TestRunner<br>Test method: Runs Cucumber Scenarios<br>Parameters: "validating Introduction Page", "DSalgo LinkedlistPage"</td>
<td></td>
<td>72</td>
<td>dsalgo_stepdefinition.TestRunner@4b14918a</td></tr>
<tr>
<td title='dsalgo_stepdefinition.TestRunner.runScenario()'><b>runScenario</b><br>Test class: dsalgo_stepdefinition.TestRunner<br>Test method: Runs Cucumber Scenarios<br>Parameters: "Entering all the details in proper format", "Register Page validation"</td>
<td></td>
<td>45</td>
<td>dsalgo_stepdefinition.TestRunner@4b14918a</td></tr>
<tr>
<td title='dsalgo_stepdefinition.TestRunner.runScenario()'><b>runScenario</b><br>Test class: dsalgo_stepdefinition.TestRunner<br>Test method: Runs Cucumber Scenarios<br>Parameters: "validating Types of Trees Page", "DSalgo treePage"</td>
<td></td>
<td>25</td>
<td>dsalgo_stepdefinition.TestRunner@4b14918a</td></tr>
<tr>
<td title='dsalgo_stepdefinition.TestRunner.runScenario()'><b>runScenario</b><br>Test class: dsalgo_stepdefinition.TestRunner<br>Test method: Runs Cucumber Scenarios<br>Parameters: "Signin page validation with no username and password", "DS Algo Sign in Page"</td>
<td></td>
<td>43</td>
<td>dsalgo_stepdefinition.TestRunner@4b14918a</td></tr>
<tr>
<td title='dsalgo_stepdefinition.TestRunner.runScenario()'><b>runScenario</b><br>Test class: dsalgo_stepdefinition.TestRunner<br>Test method: Runs Cucumber Scenarios<br>Parameters: "Data structures introduction page", "DataStructure page"</td>
<td></td>
<td>31</td>
<td>dsalgo_stepdefinition.TestRunner@4b14918a</td></tr>
<tr>
<td title='dsalgo_stepdefinition.TestRunner.runScenario()'><b>runScenario</b><br>Test class: dsalgo_stepdefinition.TestRunner<br>Test method: Runs Cucumber Scenarios<br>Parameters: "The user is able to see the error message in pop up window with incorrect python code", "User launch DSAlgo application and test stack page"</td>
<td></td>
<td>24</td>
<td>dsalgo_stepdefinition.TestRunner@4b14918a</td></tr>
<tr>
<td title='dsalgo_stepdefinition.TestRunner.runScenario()'><b>runScenario</b><br>Test class: dsalgo_stepdefinition.TestRunner<br>Test method: Runs Cucumber Scenarios<br>Parameters: "validating LinkedlistPage", "DSalgo LinkedlistPage"</td>
<td></td>
<td>73</td>
<td>dsalgo_stepdefinition.TestRunner@4b14918a</td></tr>
<tr>
<td title='dsalgo_stepdefinition.TestRunner.runScenario()'><b>runScenario</b><br>Test class: dsalgo_stepdefinition.TestRunner<br>Test method: Runs Cucumber Scenarios<br>Parameters: "The user is able to navigate to a page having an tryEditor from Implementation page", "User launch DSAlgo application and test stack page"</td>
<td></td>
<td>23</td>
<td>dsalgo_stepdefinition.TestRunner@4b14918a</td></tr>
<tr>
<td title='dsalgo_stepdefinition.TestRunner.runScenario()'><b>runScenario</b><br>Test class: dsalgo_stepdefinition.TestRunner<br>Test method: Runs Cucumber Scenarios<br>Parameters: "Open the browser", "Browser page"</td>
<td></td>
<td>22</td>
<td>dsalgo_stepdefinition.TestRunner@4b14918a</td></tr>
<tr>
<td title='dsalgo_stepdefinition.TestRunner.runScenario()'><b>runScenario</b><br>Test class: dsalgo_stepdefinition.TestRunner<br>Test method: Runs Cucumber Scenarios<br>Parameters: "Get Started button validation of DataStructures", "GetStarted page without logging on"</td>
<td></td>
<td>33</td>
<td>dsalgo_stepdefinition.TestRunner@4b14918a</td></tr>
<tr>
<td title='dsalgo_stepdefinition.TestRunner.runScenario()'><b>runScenario</b><br>Test class: dsalgo_stepdefinition.TestRunner<br>Test method: Runs Cucumber Scenarios<br>Parameters: "Text editor screen", "DataStructure page"</td>
<td></td>
<td>34</td>
<td>dsalgo_stepdefinition.TestRunner@4b14918a</td></tr>
<tr>
<td title='dsalgo_stepdefinition.TestRunner.runScenario()'><b>runScenario</b><br>Test class: dsalgo_stepdefinition.TestRunner<br>Test method: Runs Cucumber Scenarios<br>Parameters: "The user is able to see the error message in pop up window with incorrect python code", "User launch DSAlgo application and Test Queue page"</td>
<td></td>
<td>24</td>
<td>dsalgo_stepdefinition.TestRunner@4b14918a</td></tr>
<tr>
<td title='dsalgo_stepdefinition.TestRunner.runScenario()'><b>runScenario</b><br>Test class: dsalgo_stepdefinition.TestRunner<br>Test method: Runs Cucumber Scenarios<br>Parameters: "Entering all the details in proper format", "Register Page validation"</td>
<td></td>
<td>53</td>
<td>dsalgo_stepdefinition.TestRunner@4b14918a</td></tr>
<tr>
<td title='dsalgo_stepdefinition.TestRunner.runScenario()'><b>runScenario</b><br>Test class: dsalgo_stepdefinition.TestRunner<br>Test method: Runs Cucumber Scenarios<br>Parameters: "The user is able to navigate to Operations in Stack page", "User launch DSAlgo application and test stack page"</td>
<td></td>
<td>22</td>
<td>dsalgo_stepdefinition.TestRunner@4b14918a</td></tr>
<tr>
<td title='dsalgo_stepdefinition.TestRunner.runScenario()'><b>runScenario</b><br>Test class: dsalgo_stepdefinition.TestRunner<br>Test method: Runs Cucumber Scenarios<br>Parameters: "The user is able to naviagte to Graph page", "User launch DSAlgo application and Test Queue page"</td>
<td></td>
<td>23</td>
<td>dsalgo_stepdefinition.TestRunner@4b14918a</td></tr>
<tr>
<td title='dsalgo_stepdefinition.TestRunner.runScenario()'><b>runScenario</b><br>Test class: dsalgo_stepdefinition.TestRunner<br>Test method: Runs Cucumber Scenarios<br>Parameters: "The user is able to navigate to a page having an tryEditor from Applications page", "User launch DSAlgo application and test stack page"</td>
<td></td>
<td>23</td>
<td>dsalgo_stepdefinition.TestRunner@4b14918a</td></tr>
<tr>
<td title='dsalgo_stepdefinition.TestRunner.runScenario()'><b>runScenario</b><br>Test class: dsalgo_stepdefinition.TestRunner<br>Test method: Runs Cucumber Scenarios<br>Parameters: "The user is able to navigate to Practice Questions in Graph page", "User launch DSAlgo application and Test Queue page"</td>
<td></td>
<td>22</td>
<td>dsalgo_stepdefinition.TestRunner@4b14918a</td></tr>
<tr>
<td title='dsalgo_stepdefinition.TestRunner.runScenario()'><b>runScenario</b><br>Test class: dsalgo_stepdefinition.TestRunner<br>Test method: Runs Cucumber Scenarios<br>Parameters: "The user is able to see the error message in pop up window with incorrect python code", "User launch DSAlgo application and Test Queue page"</td>
<td></td>
<td>25</td>
<td>dsalgo_stepdefinition.TestRunner@4b14918a</td></tr>
<tr>
<td title='dsalgo_stepdefinition.TestRunner.runScenario()'><b>runScenario</b><br>Test class: dsalgo_stepdefinition.TestRunner<br>Test method: Runs Cucumber Scenarios<br>Parameters: "validating Creating Linked List  Page", "DSalgo LinkedlistPage"</td>
<td></td>
<td>72</td>
<td>dsalgo_stepdefinition.TestRunner@4b14918a</td></tr>
<tr>
<td title='dsalgo_stepdefinition.TestRunner.runScenario()'><b>runScenario</b><br>Test class: dsalgo_stepdefinition.TestRunner<br>Test method: Runs Cucumber Scenarios<br>Parameters: "validating Implementation in Python  Page", "DSalgo treePage"</td>
<td></td>
<td>25</td>
<td>dsalgo_stepdefinition.TestRunner@4b14918a</td></tr>
<tr>
<td title='dsalgo_stepdefinition.TestRunner.runScenario()'><b>runScenario</b><br>Test class: dsalgo_stepdefinition.TestRunner<br>Test method: Runs Cucumber Scenarios<br>Parameters: "Signin page validation with no username", "DS Algo Sign in Page"</td>
<td></td>
<td>39</td>
<td>dsalgo_stepdefinition.TestRunner@4b14918a</td></tr>
<tr>
<td title='dsalgo_stepdefinition.TestRunner.runScenario()'><b>runScenario</b><br>Test class: dsalgo_stepdefinition.TestRunner<br>Test method: Runs Cucumber Scenarios<br>Parameters: "validating PracticeQuestionPage", "DSalgo treePage"</td>
<td></td>
<td>24</td>
<td>dsalgo_stepdefinition.TestRunner@4b14918a</td></tr>
<tr>
<td title='dsalgo_stepdefinition.TestRunner.runScenario()'><b>runScenario</b><br>Test class: dsalgo_stepdefinition.TestRunner<br>Test method: Runs Cucumber Scenarios<br>Parameters: "validating Types Of Linked List Page", "DSalgo LinkedlistPage"</td>
<td></td>
<td>70</td>
<td>dsalgo_stepdefinition.TestRunner@4b14918a</td></tr>
<tr>
<td title='dsalgo_stepdefinition.TestRunner.runScenario()'><b>runScenario</b><br>Test class: dsalgo_stepdefinition.TestRunner<br>Test method: Runs Cucumber Scenarios<br>Parameters: "The user is able to see the output in console with proper python code", "User launch DSAlgo application and Test Queue page"</td>
<td></td>
<td>25</td>
<td>dsalgo_stepdefinition.TestRunner@4b14918a</td></tr>
<tr>
<td title='dsalgo_stepdefinition.TestRunner.runScenario()'><b>runScenario</b><br>Test class: dsalgo_stepdefinition.TestRunner<br>Test method: Runs Cucumber Scenarios<br>Parameters: "validating  Implementation of BTS Page", "DSalgo treePage"</td>
<td></td>
<td>26</td>
<td>dsalgo_stepdefinition.TestRunner@4b14918a</td></tr>
<tr>
<td title='dsalgo_stepdefinition.TestRunner.runScenario()'><b>runScenario</b><br>Test class: dsalgo_stepdefinition.TestRunner<br>Test method: Runs Cucumber Scenarios<br>Parameters: "The user is able to see the output in console with proper python code", "User launch DSAlgo application and Test Queue page"</td>
<td></td>
<td>24</td>
<td>dsalgo_stepdefinition.TestRunner@4b14918a</td></tr>
<tr>
<td title='dsalgo_stepdefinition.TestRunner.runScenario()'><b>runScenario</b><br>Test class: dsalgo_stepdefinition.TestRunner<br>Test method: Runs Cucumber Scenarios<br>Parameters: "Navigating to Graph Representations page and clicking the Try here button", "User launch DSAlgo application and Test Queue page"</td>
<td></td>
<td>23</td>
<td>dsalgo_stepdefinition.TestRunner@4b14918a</td></tr>
<tr>
<td title='dsalgo_stepdefinition.TestRunner.runScenario()'><b>runScenario</b><br>Test class: dsalgo_stepdefinition.TestRunner<br>Test method: Runs Cucumber Scenarios<br>Parameters: "The user is able to see the error message in pop up window with incorrect python code", "User launch DSAlgo application and test stack page"</td>
<td></td>
<td>24</td>
<td>dsalgo_stepdefinition.TestRunner@4b14918a</td></tr>
<tr>
<td title='dsalgo_stepdefinition.TestRunner.runScenario()'><b>runScenario</b><br>Test class: dsalgo_stepdefinition.TestRunner<br>Test method: Runs Cucumber Scenarios<br>Parameters: "The user is able to see the error message in pop up window with incorrect python code", "User launch DSAlgo application and Test Queue page"</td>
<td></td>
<td>24</td>
<td>dsalgo_stepdefinition.TestRunner@4b14918a</td></tr>
<tr>
<td title='dsalgo_stepdefinition.TestRunner.runScenario()'><b>runScenario</b><br>Test class: dsalgo_stepdefinition.TestRunner<br>Test method: Runs Cucumber Scenarios<br>Parameters: "The user is able to navigate to Implementations in Stack page", "User launch DSAlgo application and test stack page"</td>
<td></td>
<td>23</td>
<td>dsalgo_stepdefinition.TestRunner@4b14918a</td></tr>
<tr>
<td title='dsalgo_stepdefinition.TestRunner.runScenario()'><b>runScenario</b><br>Test class: dsalgo_stepdefinition.TestRunner<br>Test method: Runs Cucumber Scenarios<br>Parameters: "Entering different passwords in password and password confirmation textbox", "Register Page validation"</td>
<td></td>
<td>31</td>
<td>dsalgo_stepdefinition.TestRunner@4b14918a</td></tr>
<tr>
<td title='dsalgo_stepdefinition.TestRunner.runScenario()'><b>runScenario</b><br>Test class: dsalgo_stepdefinition.TestRunner<br>Test method: Runs Cucumber Scenarios<br>Parameters: "validating array page", "DSalgo arraypage"</td>
<td></td>
<td>72</td>
<td>dsalgo_stepdefinition.TestRunner@4b14918a</td></tr>
<tr>
<td title='dsalgo_stepdefinition.TestRunner.runScenario()'><b>runScenario</b><br>Test class: dsalgo_stepdefinition.TestRunner<br>Test method: Runs Cucumber Scenarios<br>Parameters: "The user is able to see the output in console with proper python code", "User launch DSAlgo application and test stack page"</td>
<td></td>
<td>25</td>
<td>dsalgo_stepdefinition.TestRunner@4b14918a</td></tr>
<tr>
<td title='dsalgo_stepdefinition.TestRunner.runScenario()'><b>runScenario</b><br>Test class: dsalgo_stepdefinition.TestRunner<br>Test method: Runs Cucumber Scenarios<br>Parameters: "Implementation of Queue page", "User launch DSAlgo application and Test Queue page"</td>
<td></td>
<td>23</td>
<td>dsalgo_stepdefinition.TestRunner@4b14918a</td></tr>
<tr>
<td title='dsalgo_stepdefinition.TestRunner.runScenario()'><b>runScenario</b><br>Test class: dsalgo_stepdefinition.TestRunner<br>Test method: Runs Cucumber Scenarios<br>Parameters: "The user is able to see the output in console with proper python code", "User launch DSAlgo application and test stack page"</td>
<td></td>
<td>24</td>
<td>dsalgo_stepdefinition.TestRunner@4b14918a</td></tr>
<tr>
<td title='dsalgo_stepdefinition.TestRunner.runScenario()'><b>runScenario</b><br>Test class: dsalgo_stepdefinition.TestRunner<br>Test method: Runs Cucumber Scenarios<br>Parameters: "validating Implementation Of Binary Trees Page", "DSalgo treePage"</td>
<td></td>
<td>25</td>
<td>dsalgo_stepdefinition.TestRunner@4b14918a</td></tr>
<tr>
<td title='dsalgo_stepdefinition.TestRunner.runScenario()'><b>runScenario</b><br>Test class: dsalgo_stepdefinition.TestRunner<br>Test method: Runs Cucumber Scenarios<br>Parameters: "The user is able to see the error message in pop up window with incorrect python code", "User launch DSAlgo application and Test Queue page"</td>
<td></td>
<td>24</td>
<td>dsalgo_stepdefinition.TestRunner@4b14918a</td></tr>
<tr>
<td title='dsalgo_stepdefinition.TestRunner.runScenario()'><b>runScenario</b><br>Test class: dsalgo_stepdefinition.TestRunner<br>Test method: Runs Cucumber Scenarios<br>Parameters: "Signin page validation with username and  no password", "DS Algo Sign in Page"</td>
<td></td>
<td>38</td>
<td>dsalgo_stepdefinition.TestRunner@4b14918a</td></tr>
<tr>
<td title='dsalgo_stepdefinition.TestRunner.runScenario()'><b>runScenario</b><br>Test class: dsalgo_stepdefinition.TestRunner<br>Test method: Runs Cucumber Scenarios<br>Parameters: "The user is able to naviagte to Queue page", "User launch DSAlgo application and Test Queue page"</td>
<td></td>
<td>23</td>
<td>dsalgo_stepdefinition.TestRunner@4b14918a</td></tr>
<tr>
<td title='dsalgo_stepdefinition.TestRunner.runScenario()'><b>runScenario</b><br>Test class: dsalgo_stepdefinition.TestRunner<br>Test method: Runs Cucumber Scenarios<br>Parameters: "The user is able to see the output in console with proper python code", "User launch DSAlgo application and Test Queue page"</td>
<td></td>
<td>25</td>
<td>dsalgo_stepdefinition.TestRunner@4b14918a</td></tr>
<tr>
<td title='dsalgo_stepdefinition.TestRunner.runScenario()'><b>runScenario</b><br>Test class: dsalgo_stepdefinition.TestRunner<br>Test method: Runs Cucumber Scenarios<br>Parameters: "validating Binary Trees  Page", "DSalgo treePage"</td>
<td></td>
<td>25</td>
<td>dsalgo_stepdefinition.TestRunner@4b14918a</td></tr>
<tr>
<td title='dsalgo_stepdefinition.TestRunner.runScenario()'><b>runScenario</b><br>Test class: dsalgo_stepdefinition.TestRunner<br>Test method: Runs Cucumber Scenarios<br>Parameters: "Entering all the details in proper format", "Register Page validation"</td>
<td></td>
<td>48</td>
<td>dsalgo_stepdefinition.TestRunner@4b14918a</td></tr>
<tr>
<td title='dsalgo_stepdefinition.TestRunner.runScenario()'><b>runScenario</b><br>Test class: dsalgo_stepdefinition.TestRunner<br>Test method: Runs Cucumber Scenarios<br>Parameters: "validating Overview of trees  Page", "DSalgo treePage"</td>
<td></td>
<td>24</td>
<td>dsalgo_stepdefinition.TestRunner@4b14918a</td></tr>
<tr>
<td title='dsalgo_stepdefinition.TestRunner.runScenario()'><b>runScenario</b><br>Test class: dsalgo_stepdefinition.TestRunner<br>Test method: Runs Cucumber Scenarios<br>Parameters: "validating Implement Linked List In Python Page", "DSalgo LinkedlistPage"</td>
<td></td>
<td>71</td>
<td>dsalgo_stepdefinition.TestRunner@4b14918a</td></tr>
<tr>
<td title='dsalgo_stepdefinition.TestRunner.runScenario()'><b>runScenario</b><br>Test class: dsalgo_stepdefinition.TestRunner<br>Test method: Runs Cucumber Scenarios<br>Parameters: "validating Application Of Binary trees  Page", "DSalgo treePage"</td>
<td></td>
<td>25</td>
<td>dsalgo_stepdefinition.TestRunner@4b14918a</td></tr>
<tr>
<td title='dsalgo_stepdefinition.TestRunner.runScenario()'><b>runScenario</b><br>Test class: dsalgo_stepdefinition.TestRunner<br>Test method: Runs Cucumber Scenarios<br>Parameters: "The user is able to see the error message in pop up window with incorrect python code", "User launch DSAlgo application and Test Queue page"</td>
<td></td>
<td>24</td>
<td>dsalgo_stepdefinition.TestRunner@4b14918a</td></tr>
<tr>
<td title='dsalgo_stepdefinition.TestRunner.runScenario()'><b>runScenario</b><br>Test class: dsalgo_stepdefinition.TestRunner<br>Test method: Runs Cucumber Scenarios<br>Parameters: "The user is able to see the error message in pop up window with incorrect python code", "User launch DSAlgo application and test stack page"</td>
<td></td>
<td>25</td>
<td>dsalgo_stepdefinition.TestRunner@4b14918a</td></tr>
<tr>
<td title='dsalgo_stepdefinition.TestRunner.runScenario()'><b>runScenario</b><br>Test class: dsalgo_stepdefinition.TestRunner<br>Test method: Runs Cucumber Scenarios<br>Parameters: "validating Binary Tree Traversals  Page", "DSalgo treePage"</td>
<td></td>
<td>25</td>
<td>dsalgo_stepdefinition.TestRunner@4b14918a</td></tr>
<tr>
<td title='dsalgo_stepdefinition.TestRunner.runScenario()'><b>runScenario</b><br>Test class: dsalgo_stepdefinition.TestRunner<br>Test method: Runs Cucumber Scenarios<br>Parameters: "Navigating to Graph page and clicking the Try here button", "User launch DSAlgo application and Test Queue page"</td>
<td></td>
<td>23</td>
<td>dsalgo_stepdefinition.TestRunner@4b14918a</td></tr>
<tr>
<td title='dsalgo_stepdefinition.TestRunner.runScenario()'><b>runScenario</b><br>Test class: dsalgo_stepdefinition.TestRunner<br>Test method: Runs Cucumber Scenarios<br>Parameters: "validating Tree Traversals of trees  Page", "DSalgo treePage"</td>
<td></td>
<td>25</td>
<td>dsalgo_stepdefinition.TestRunner@4b14918a</td></tr>
<tr>
<td title='dsalgo_stepdefinition.TestRunner.runScenario()'><b>runScenario</b><br>Test class: dsalgo_stepdefinition.TestRunner<br>Test method: Runs Cucumber Scenarios<br>Parameters: "The user is able to navigate to a page having an tryEditor from Opertaions in Stack page", "User launch DSAlgo application and test stack page"</td>
<td></td>
<td>22</td>
<td>dsalgo_stepdefinition.TestRunner@4b14918a</td></tr>
<tr>
<td title='dsalgo_stepdefinition.TestRunner.runScenario()'><b>runScenario</b><br>Test class: dsalgo_stepdefinition.TestRunner<br>Test method: Runs Cucumber Scenarios<br>Parameters: "The user is able to navigate to Practice Questions in Queue page", "User launch DSAlgo application and Test Queue page"</td>
<td></td>
<td>23</td>
<td>dsalgo_stepdefinition.TestRunner@4b14918a</td></tr>
<tr>
<td title='dsalgo_stepdefinition.TestRunner.runScenario()'><b>runScenario</b><br>Test class: dsalgo_stepdefinition.TestRunner<br>Test method: Runs Cucumber Scenarios<br>Parameters: "Signin page validation with valid username and valid password", "DS Algo Sign in Page"</td>
<td></td>
<td>34</td>
<td>dsalgo_stepdefinition.TestRunner@4b14918a</td></tr>
<tr>
<td title='dsalgo_stepdefinition.TestRunner.runScenario()'><b>runScenario</b><br>Test class: dsalgo_stepdefinition.TestRunner<br>Test method: Runs Cucumber Scenarios<br>Parameters: "The user is able to see the output in console with proper python code", "User launch DSAlgo application and Test Queue page"</td>
<td></td>
<td>24</td>
<td>dsalgo_stepdefinition.TestRunner@4b14918a</td></tr>
<tr>
<td title='dsalgo_stepdefinition.TestRunner.runScenario()'><b>runScenario</b><br>Test class: dsalgo_stepdefinition.TestRunner<br>Test method: Runs Cucumber Scenarios<br>Parameters: "validating Traversal Page", "DSalgo LinkedlistPage"</td>
<td></td>
<td>71</td>
<td>dsalgo_stepdefinition.TestRunner@4b14918a</td></tr>
<tr>
<td title='dsalgo_stepdefinition.TestRunner.runScenario()'><b>runScenario</b><br>Test class: dsalgo_stepdefinition.TestRunner<br>Test method: Runs Cucumber Scenarios<br>Parameters: "Get started page of Data Structure", "DataStructure page"</td>
<td></td>
<td>32</td>
<td>dsalgo_stepdefinition.TestRunner@4b14918a</td></tr>
<tr>
<td title='dsalgo_stepdefinition.TestRunner.runScenario()'><b>runScenario</b><br>Test class: dsalgo_stepdefinition.TestRunner<br>Test method: Runs Cucumber Scenarios<br>Parameters: "Data Structures dropdown validation", "GetStarted page without logging on"</td>
<td></td>
<td>37</td>
<td>dsalgo_stepdefinition.TestRunner@4b14918a</td></tr>
<tr>
<td title='dsalgo_stepdefinition.TestRunner.runScenario()'><b>runScenario</b><br>Test class: dsalgo_stepdefinition.TestRunner<br>Test method: Runs Cucumber Scenarios<br>Parameters: "Signin page validation with invalid username and invalid  password", "DS Algo Sign in Page"</td>
<td></td>
<td>39</td>
<td>dsalgo_stepdefinition.TestRunner@4b14918a</td></tr>
<tr>
<td title='dsalgo_stepdefinition.TestRunner.runScenario()'><b>runScenario</b><br>Test class: dsalgo_stepdefinition.TestRunner<br>Test method: Runs Cucumber Scenarios<br>Parameters: "validating Deletion Page", "DSalgo LinkedlistPage"</td>
<td></td>
<td>70</td>
<td>dsalgo_stepdefinition.TestRunner@4b14918a</td></tr>
<tr>
<td title='dsalgo_stepdefinition.TestRunner.runScenario()'><b>runScenario</b><br>Test class: dsalgo_stepdefinition.TestRunner<br>Test method: Runs Cucumber Scenarios<br>Parameters: "Implementation using collections.deque page", "User launch DSAlgo application and Test Queue page"</td>
<td></td>
<td>22</td>
<td>dsalgo_stepdefinition.TestRunner@4b14918a</td></tr>
<tr>
<td title='dsalgo_stepdefinition.TestRunner.runScenario()'><b>runScenario</b><br>Test class: dsalgo_stepdefinition.TestRunner<br>Test method: Runs Cucumber Scenarios<br>Parameters: "validating Binary Search Trees Page", "DSalgo treePage"</td>
<td></td>
<td>25</td>
<td>dsalgo_stepdefinition.TestRunner@4b14918a</td></tr>
<tr>
<td title='dsalgo_stepdefinition.TestRunner.runScenario()'><b>runScenario</b><br>Test class: dsalgo_stepdefinition.TestRunner<br>Test method: Runs Cucumber Scenarios<br>Parameters: "The user is able to see the output in console with proper python code", "User launch DSAlgo application and test stack page"</td>
<td></td>
<td>24</td>
<td>dsalgo_stepdefinition.TestRunner@4b14918a</td></tr>
<tr>
<td title='dsalgo_stepdefinition.TestRunner.runScenario()'><b>runScenario</b><br>Test class: dsalgo_stepdefinition.TestRunner<br>Test method: Runs Cucumber Scenarios<br>Parameters: "Console message and Practice Questions page", "DataStructure page"</td>
<td></td>
<td>27</td>
<td>dsalgo_stepdefinition.TestRunner@4b14918a</td></tr>
</table><p>
</body>
</html>